Log file open, 01/27/18 15:32:54
LogWindows: Failed to load 'aqProf.dll' (GetLastError=126)
LogWindows: File 'aqProf.dll' does not exist
LogWindows: Failed to load 'VtuneApi.dll' (GetLastError=126)
LogWindows: File 'VtuneApi.dll' does not exist
LogWindows: Failed to load 'VtuneApi32e.dll' (GetLastError=126)
LogWindows: File 'VtuneApi32e.dll' does not exist
LogInit: Display: Running engine for game: ggj2018
LogPlatformFile: Not using cached read wrapper
LogInit: Display: RandInit(1335360484) SRandInit(1335360484).
LogInit: Read version file with build ID '3709383'
LogInit: Overriding engine version to CL 3832480, compatible CL 3709383
LogInit: Registered custom module enumerator with build ID '3709383'
LogTaskGraph: Started task graph with 5 named threads and 14 total threads with 3 sets of task threads.
LogStats: Stats thread started at 0.181999
LogD3D11RHI: Aftermath initialized
LogPluginManager: Mounting plugin Paper2D
LogPluginManager: Mounting plugin LightPropagationVolume
LogPluginManager: Mounting plugin CodeLiteSourceCodeAccess
LogPluginManager: Mounting plugin GitSourceControl
LogPluginManager: Mounting plugin KDevelopSourceCodeAccess
LogPluginManager: Mounting plugin NullSourceCodeAccess
LogPluginManager: Mounting plugin PerforceSourceControl
LogPluginManager: Mounting plugin SubversionSourceControl
LogPluginManager: Mounting plugin UObjectPlugin
LogPluginManager: Mounting plugin VisualStudioCodeSourceCodeAccess
LogPluginManager: Mounting plugin VisualStudioSourceCodeAccess
LogPluginManager: Mounting plugin XCodeSourceCodeAccess
LogPluginManager: Mounting plugin AssetManagerEditor
LogPluginManager: Mounting plugin AudioCapture
LogPluginManager: Mounting plugin FacialAnimation
LogPluginManager: Mounting plugin GameplayTagsEditor
LogPluginManager: Mounting plugin MobileLauncherProfileWizard
LogPluginManager: Mounting plugin PluginBrowser
LogPluginManager: Mounting plugin SpeedTreeImporter
LogPluginManager: Mounting plugin AlembicImporter
LogPluginManager: Mounting plugin CharacterAI
LogPluginManager: Mounting plugin HTML5Networking
LogPluginManager: Mounting plugin AndroidMedia
LogPluginManager: Mounting plugin AvfMedia
LogPluginManager: Mounting plugin ImgMedia
LogPluginManager: Mounting plugin MediaCompositing
LogPluginManager: Mounting plugin MediaPlayerEditor
LogPluginManager: Mounting plugin WmfMedia
LogPluginManager: Mounting plugin TcpMessaging
LogPluginManager: Mounting plugin UdpMessaging
LogPluginManager: Mounting plugin ActorSequence
LogPluginManager: Mounting plugin LevelSequenceEditor
LogPluginManager: Mounting plugin MatineeToLevelSequence
LogPluginManager: Mounting plugin OnlineSubsystemGooglePlay
LogPluginManager: Mounting plugin OnlineSubsystemIOS
LogPluginManager: Mounting plugin OnlineSubsystem
LogPluginManager: Mounting plugin OnlineSubsystemNull
LogPluginManager: Mounting plugin OnlineSubsystemUtils
LogPluginManager: Mounting plugin AndroidDeviceProfileSelector
LogPluginManager: Mounting plugin AndroidMoviePlayer
LogPluginManager: Mounting plugin AndroidPermission
LogPluginManager: Mounting plugin AppleARKit
LogPluginManager: Mounting plugin AppleMoviePlayer
LogPluginManager: Mounting plugin ArchVisCharacter
LogPluginManager: Mounting plugin CableComponent
LogPluginManager: Mounting plugin CustomMeshComponent
LogPluginManager: Mounting plugin ExampleDeviceProfileSelector
LogPluginManager: Mounting plugin GoogleCloudMessaging
LogPluginManager: Mounting plugin ImmediatePhysics
LogPluginManager: Mounting plugin IOSDeviceProfileSelector
LogPluginManager: Mounting plugin LinuxDeviceProfileSelector
LogPluginManager: Mounting plugin LocationServicesBPLibrary
LogPluginManager: Mounting plugin MobilePatchingUtils
LogPluginManager: Mounting plugin OculusVR
LogPluginManager: Plugin shader directory ../../../Engine/Plugins/Runtime/Oculus/OculusVR/Shaders found
LogPluginManager: Mapping shader source directory ../../../Engine/Plugins/Runtime/Oculus/OculusVR/Shaders to virtual directory /Plugin/OculusVR
LogPluginManager: Mounting plugin PhysXVehicles
LogPluginManager: Mounting plugin ProceduralMeshComponent
LogPluginManager: Mounting plugin RuntimePhysXCooking
LogPluginManager: Mounting plugin SteamVR
LogPluginManager: Mounting plugin WindowsMoviePlayer
LogModuleManager: Display: Found up-to-date module file ../../../../../../Users/Treym/Desktop/GlobalGameJam/GlobalGameJam/ggj2018/Binaries/Win64/UE4Editor-ggj2018-5427.dll (API version 3709383).
LogModuleManager: Display: Found up-to-date module file ../../../Engine/Plugins/2D/Paper2D/Binaries/Win64/UE4Editor-Paper2D.dll (API version 3709383).
LogModuleManager: Display: Found up-to-date module file ../../../Engine/Plugins/2D/Paper2D/Binaries/Win64/UE4Editor-Paper2DEditor.dll (API version 3709383).
LogModuleManager: Display: Found up-to-date module file ../../../Engine/Plugins/2D/Paper2D/Binaries/Win64/UE4Editor-PaperSpriteSheetImporter.dll (API version 3709383).
LogModuleManager: Display: Found up-to-date module file ../../../Engine/Plugins/2D/Paper2D/Binaries/Win64/UE4Editor-PaperTiledImporter.dll (API version 3709383).
LogModuleManager: Display: Found up-to-date module file ../../../Engine/Plugins/2D/Paper2D/Binaries/Win64/UE4Editor-SmartSnapping.dll (API version 3709383).
LogModuleManager: Display: Found up-to-date module file ../../../Engine/Plugins/Blendables/LightPropagationVolume/Binaries/Win64/UE4Editor-LightPropagationVolumeRuntime.dll (API version 3709383).
LogModuleManager: Display: Found up-to-date module file ../../../Engine/Plugins/Blendables/LightPropagationVolume/Binaries/Win64/UE4Editor-LightPropagationVolumeEditor.dll (API version 3709383).
LogModuleManager: Display: Found up-to-date module file ../../../Engine/Plugins/Developer/GitSourceControl/Binaries/Win64/UE4Editor-GitSourceControl.dll (API version 3709383).
LogModuleManager: Display: Found up-to-date module file ../../../Engine/Plugins/Developer/PerforceSourceControl/Binaries/Win64/UE4Editor-PerforceSourceControl.dll (API version 3709383).
LogModuleManager: Display: Found up-to-date module file ../../../Engine/Plugins/Developer/SubversionSourceControl/Binaries/Win64/UE4Editor-SubversionSourceControl.dll (API version 3709383).
LogModuleManager: Display: Found up-to-date module file ../../../Engine/Plugins/Developer/UObjectPlugin/Binaries/Win64/UE4Editor-UObjectPlugin.dll (API version 3709383).
LogModuleManager: Display: Found up-to-date module file ../../../Engine/Plugins/Developer/VisualStudioCodeSourceCodeAccess/Binaries/Win64/UE4Editor-VisualStudioCodeSourceCodeAccess.dll (API version 3709383).
LogModuleManager: Display: Found up-to-date module file ../../../Engine/Plugins/Developer/VisualStudioSourceCodeAccess/Binaries/Win64/UE4Editor-VisualStudioSourceCodeAccess.dll (API version 3709383).
LogModuleManager: Display: Found up-to-date module file ../../../Engine/Plugins/Editor/AssetManagerEditor/Binaries/Win64/UE4Editor-AssetManagerEditor.dll (API version 3709383).
LogModuleManager: Display: Found up-to-date module file ../../../Engine/Plugins/Editor/AudioCapture/Binaries/Win64/UE4Editor-AudioCapture.dll (API version 3709383).
LogModuleManager: Display: Found up-to-date module file ../../../Engine/Plugins/Editor/FacialAnimation/Binaries/Win64/UE4Editor-FacialAnimation.dll (API version 3709383).
LogModuleManager: Display: Found up-to-date module file ../../../Engine/Plugins/Editor/FacialAnimation/Binaries/Win64/UE4Editor-FacialAnimationEditor.dll (API version 3709383).
LogModuleManager: Display: Found up-to-date module file ../../../Engine/Plugins/Editor/GameplayTagsEditor/Binaries/Win64/UE4Editor-GameplayTagsEditor.dll (API version 3709383).
LogModuleManager: Display: Found up-to-date module file ../../../Engine/Plugins/Editor/MobileLauncherProfileWizard/Binaries/Win64/UE4Editor-MobileLauncherProfileWizard.dll (API version 3709383).
LogModuleManager: Display: Found up-to-date module file ../../../Engine/Plugins/Editor/PluginBrowser/Binaries/Win64/UE4Editor-PluginBrowser.dll (API version 3709383).
LogModuleManager: Display: Found up-to-date module file ../../../Engine/Plugins/Editor/SpeedTreeImporter/Binaries/Win64/UE4Editor-SpeedTreeImporter.dll (API version 3709383).
LogModuleManager: Display: Found up-to-date module file ../../../Engine/Plugins/Experimental/AlembicImporter/Binaries/Win64/UE4Editor-AlembicImporter.dll (API version 3709383).
LogModuleManager: Display: Found up-to-date module file ../../../Engine/Plugins/Experimental/AlembicImporter/Binaries/Win64/UE4Editor-AlembicLibrary.dll (API version 3709383).
LogModuleManager: Display: Found up-to-date module file ../../../Engine/Plugins/Experimental/CharacterAI/Binaries/Win64/UE4Editor-CharacterAI.dll (API version 3709383).
LogModuleManager: Display: Found up-to-date module file ../../../Engine/Plugins/Experimental/HTML5Networking/Binaries/Win64/UE4Editor-HTML5Networking.dll (API version 3709383).
LogModuleManager: Display: Found up-to-date module file ../../../Engine/Plugins/Media/AndroidMedia/Binaries/Win64/UE4Editor-AndroidMediaEditor.dll (API version 3709383).
LogModuleManager: Display: Found up-to-date module file ../../../Engine/Plugins/Media/AndroidMedia/Binaries/Win64/UE4Editor-AndroidMediaFactory.dll (API version 3709383).
LogModuleManager: Display: Found up-to-date module file ../../../Engine/Plugins/Media/AvfMedia/Binaries/Win64/UE4Editor-AvfMediaEditor.dll (API version 3709383).
LogModuleManager: Display: Found up-to-date module file ../../../Engine/Plugins/Media/AvfMedia/Binaries/Win64/UE4Editor-AvfMediaFactory.dll (API version 3709383).
LogModuleManager: Display: Found up-to-date module file ../../../Engine/Plugins/Media/AvfMedia/Binaries/Win64/UE4Editor-AvfMediaFactory.dll (API version 3709383).
LogModuleManager: Display: Found up-to-date module file ../../../Engine/Plugins/Media/ImgMedia/Binaries/Win64/UE4Editor-ImgMedia.dll (API version 3709383).
LogModuleManager: Display: Found up-to-date module file ../../../Engine/Plugins/Media/ImgMedia/Binaries/Win64/UE4Editor-ImgMediaEditor.dll (API version 3709383).
LogModuleManager: Display: Found up-to-date module file ../../../Engine/Plugins/Media/ImgMedia/Binaries/Win64/UE4Editor-ImgMediaFactory.dll (API version 3709383).
LogModuleManager: Display: Found up-to-date module file ../../../Engine/Plugins/Media/ImgMedia/Binaries/Win64/UE4Editor-ImgMediaFactory.dll (API version 3709383).
LogModuleManager: Display: Found up-to-date module file ../../../Engine/Plugins/Media/ImgMedia/Binaries/Win64/UE4Editor-OpenExrWrapper.dll (API version 3709383).
LogModuleManager: Display: Found up-to-date module file ../../../Engine/Plugins/Media/MediaCompositing/Binaries/Win64/UE4Editor-MediaCompositing.dll (API version 3709383).
LogModuleManager: Display: Found up-to-date module file ../../../Engine/Plugins/Media/MediaCompositing/Binaries/Win64/UE4Editor-MediaCompositingEditor.dll (API version 3709383).
LogModuleManager: Display: Found up-to-date module file ../../../Engine/Plugins/Media/MediaPlayerEditor/Binaries/Win64/UE4Editor-MediaPlayerEditor.dll (API version 3709383).
LogModuleManager: Display: Found up-to-date module file ../../../Engine/Plugins/Media/WmfMedia/Binaries/Win64/UE4Editor-WmfMedia.dll (API version 3709383).
LogModuleManager: Display: Found up-to-date module file ../../../Engine/Plugins/Media/WmfMedia/Binaries/Win64/UE4Editor-WmfMediaEditor.dll (API version 3709383).
LogModuleManager: Display: Found up-to-date module file ../../../Engine/Plugins/Media/WmfMedia/Binaries/Win64/UE4Editor-WmfMediaFactory.dll (API version 3709383).
LogModuleManager: Display: Found up-to-date module file ../../../Engine/Plugins/Media/WmfMedia/Binaries/Win64/UE4Editor-WmfMediaFactory.dll (API version 3709383).
LogModuleManager: Display: Found up-to-date module file ../../../Engine/Plugins/Messaging/TcpMessaging/Binaries/Win64/UE4Editor-TcpMessaging.dll (API version 3709383).
LogModuleManager: Display: Found up-to-date module file ../../../Engine/Plugins/Messaging/UdpMessaging/Binaries/Win64/UE4Editor-UdpMessaging.dll (API version 3709383).
LogModuleManager: Display: Found up-to-date module file ../../../Engine/Plugins/MovieScene/ActorSequence/Binaries/Win64/UE4Editor-ActorSequence.dll (API version 3709383).
LogModuleManager: Display: Found up-to-date module file ../../../Engine/Plugins/MovieScene/LevelSequenceEditor/Binaries/Win64/UE4Editor-LevelSequenceEditor.dll (API version 3709383).
LogModuleManager: Display: Found up-to-date module file ../../../Engine/Plugins/MovieScene/MatineeToLevelSequence/Binaries/Win64/UE4Editor-MatineeToLevelSequence.dll (API version 3709383).
LogModuleManager: Display: Found up-to-date module file ../../../Engine/Plugins/Online/OnlineSubsystem/Binaries/Win64/UE4Editor-OnlineSubsystem.dll (API version 3709383).
LogModuleManager: Display: Found up-to-date module file ../../../Engine/Plugins/Online/OnlineSubsystemNull/Binaries/Win64/UE4Editor-OnlineSubsystemNull.dll (API version 3709383).
LogModuleManager: Display: Found up-to-date module file ../../../Engine/Plugins/Online/OnlineSubsystemUtils/Binaries/Win64/UE4Editor-OnlineSubsystemUtils.dll (API version 3709383).
LogModuleManager: Display: Found up-to-date module file ../../../Engine/Plugins/Online/OnlineSubsystemUtils/Binaries/Win64/UE4Editor-OnlineBlueprintSupport.dll (API version 3709383).
LogModuleManager: Display: Found up-to-date module file ../../../Engine/Plugins/Runtime/AndroidDeviceProfileSelector/Binaries/Win64/UE4Editor-AndroidDeviceProfileSelector.dll (API version 3709383).
LogModuleManager: Display: Found up-to-date module file ../../../Engine/Plugins/Runtime/AndroidPermission/Binaries/Win64/UE4Editor-AndroidPermission.dll (API version 3709383).
LogModuleManager: Display: Found up-to-date module file ../../../Engine/Plugins/Runtime/AppleARKit/Binaries/Win64/UE4Editor-AppleARKit.dll (API version 3709383).
LogModuleManager: Display: Found up-to-date module file ../../../Engine/Plugins/Runtime/ArchVisCharacter/Binaries/Win64/UE4Editor-ArchVisCharacter.dll (API version 3709383).
LogModuleManager: Display: Found up-to-date module file ../../../Engine/Plugins/Runtime/CableComponent/Binaries/Win64/UE4Editor-CableComponent.dll (API version 3709383).
LogModuleManager: Display: Found up-to-date module file ../../../Engine/Plugins/Runtime/CustomMeshComponent/Binaries/Win64/UE4Editor-CustomMeshComponent.dll (API version 3709383).
LogModuleManager: Display: Found up-to-date module file ../../../Engine/Plugins/Runtime/ExampleDeviceProfileSelector/Binaries/Win64/UE4Editor-ExampleDeviceProfileSelector.dll (API version 3709383).
LogModuleManager: Display: Found up-to-date module file ../../../Engine/Plugins/Runtime/ImmediatePhysics/Binaries/Win64/UE4Editor-ImmediatePhysics.dll (API version 3709383).
LogModuleManager: Display: Found up-to-date module file ../../../Engine/Plugins/Runtime/ImmediatePhysics/Binaries/Win64/UE4Editor-ImmediatePhysicsEditor.dll (API version 3709383).
LogModuleManager: Display: Found up-to-date module file ../../../Engine/Plugins/Runtime/LocationServicesBPLibrary/Binaries/Win64/UE4Editor-LocationServicesBPLibrary.dll (API version 3709383).
LogModuleManager: Display: Found up-to-date module file ../../../Engine/Plugins/Runtime/MobilePatchingUtils/Binaries/Win64/UE4Editor-MobilePatchingUtils.dll (API version 3709383).
LogModuleManager: Display: Found up-to-date module file ../../../Engine/Plugins/Runtime/Oculus/OculusVR/Binaries/Win64/UE4Editor-OculusHMD.dll (API version 3709383).
LogModuleManager: Display: Found up-to-date module file ../../../Engine/Plugins/Runtime/Oculus/OculusVR/Binaries/Win64/UE4Editor-OculusInput.dll (API version 3709383).
LogModuleManager: Display: Found up-to-date module file ../../../Engine/Plugins/Runtime/Oculus/OculusVR/Binaries/Win64/UE4Editor-OculusEditor.dll (API version 3709383).
LogModuleManager: Display: Found up-to-date module file ../../../Engine/Plugins/Runtime/PhysXVehicles/Binaries/Win64/UE4Editor-PhysXVehicles.dll (API version 3709383).
LogModuleManager: Display: Found up-to-date module file ../../../Engine/Plugins/Runtime/PhysXVehicles/Binaries/Win64/UE4Editor-PhysXVehiclesEditor.dll (API version 3709383).
LogModuleManager: Display: Found up-to-date module file ../../../Engine/Plugins/Runtime/ProceduralMeshComponent/Binaries/Win64/UE4Editor-ProceduralMeshComponent.dll (API version 3709383).
LogModuleManager: Display: Found up-to-date module file ../../../Engine/Plugins/Runtime/ProceduralMeshComponent/Binaries/Win64/UE4Editor-ProceduralMeshComponentEditor.dll (API version 3709383).
LogModuleManager: Display: Found up-to-date module file ../../../Engine/Plugins/Runtime/RuntimePhysXCooking/Binaries/Win64/UE4Editor-RuntimePhysXCooking.dll (API version 3709383).
LogModuleManager: Display: Found up-to-date module file ../../../Engine/Plugins/Runtime/Steam/SteamVR/Binaries/Win64/UE4Editor-SteamVR.dll (API version 3709383).
LogModuleManager: Display: Found up-to-date module file ../../../Engine/Plugins/Runtime/Steam/SteamVR/Binaries/Win64/UE4Editor-SteamVRController.dll (API version 3709383).
LogModuleManager: Display: Found up-to-date module file ../../../Engine/Plugins/Runtime/WindowsMoviePlayer/Binaries/Win64/UE4Editor-WindowsMoviePlayer.dll (API version 3709383).
LogInit: Using libcurl 7.47.1
LogInit:  - built for x86_64-pc-win32
LogInit:  - supports SSL with OpenSSL/1.0.2g
LogInit:  - supports HTTP deflate (compression) using libz 1.2.8
LogInit:  - other features:
LogInit:      CURL_VERSION_SSL
LogInit:      CURL_VERSION_LIBZ
LogInit:      CURL_VERSION_IPV6
LogInit:      CURL_VERSION_ASYNCHDNS
LogInit:      CURL_VERSION_LARGEFILE
LogInit:      CURL_VERSION_IDN
LogInit:  CurlRequestOptions (configurable via config and command line):
LogInit:  - bVerifyPeer = false  - Libcurl will NOT verify peer certificate
LogInit:  - bUseHttpProxy = false  - Libcurl will NOT use HTTP proxy
LogInit:  - bDontReuseConnections = false  - Libcurl will reuse connections
LogInit:  - CertBundlePath = nullptr  - Libcurl will use whatever was configured at build time.
LogHMD: Failed initializing OVRPlugin 1.19.0
LogInit: Build: ++UE4+Release-4.18-CL-3832480
LogInit: Engine Version: 4.18.3-3832480+++UE4+Release-4.18
LogInit: Compatible Engine Version: 4.18.0-3709383+++UE4+Release-4.18
LogInit: Net CL: 3709383
LogDevObjectVersion: Number of dev versions registered: 16
LogDevObjectVersion:   Dev-Blueprints (B0D832E4-1F89-4F0D-ACCF-7EB736FD4AA2): 10
LogDevObjectVersion:   Dev-Build (E1C64328-A22C-4D53-A36C-8E866417BD8C): 0
LogDevObjectVersion:   Dev-Core (375EC13C-06E4-48FB-B500-84F0262A717E): 2
LogDevObjectVersion:   Dev-Editor (E4B068ED-F494-42E9-A231-DA0B2E46BB41): 20
LogDevObjectVersion:   Dev-Framework (CFFC743F-43B0-4480-9391-14DF171D2073): 30
LogDevObjectVersion:   Dev-Mobile (B02B49B5-BB20-44E9-A304-32B752E40360): 0
LogDevObjectVersion:   Dev-Networking (A4E4105C-59A1-49B5-A7C5-40C4547EDFEE): 0
LogDevObjectVersion:   Dev-Online (39C831C9-5AE6-47DC-9A44-9C173E1C8E7C): 0
LogDevObjectVersion:   Dev-Physics (78F01B33-EBEA-4F98-B9B4-84EACCB95AA2): 0
LogDevObjectVersion:   Dev-Platform (6631380F-2D4D-43E0-8009-CF276956A95A): 0
LogDevObjectVersion:   Dev-Rendering (12F88B9F-8875-4AFC-A67C-D90C383ABD29): 20
LogDevObjectVersion:   Dev-Sequencer (7B5AE74C-D270-4C10-A958-57980B212A5A): 4
LogDevObjectVersion:   Dev-VR (D7296918-1DD6-4BDD-9DE2-64A83CC13884): 0
LogDevObjectVersion:   Dev-LoadTimes (C2A15278-BFE7-4AFE-6C17-90FF531DF755): 1
LogDevObjectVersion:   Private-Geometry (6EACA3D4-40EC-4CC1-B786-8BED09428FC5): 1
LogDevObjectVersion:   Dev-AnimPhys (29E575DD-E0A3-4627-9D10-D276232CDCEA): 12
LogInit: Compiled (64-bit): Jan 12 2018 02:04:55
LogInit: Compiled with Visual C++: 19.00.24215.01
LogInit: Build Configuration: Development
LogInit: Branch Name: ++UE4+Release-4.18
LogInit: Command line:  
LogInit: Base directory: C:/Program Files/Epic Games/UE_4.18/Engine/Binaries/Win64/
LogInit: Installed Engine Build: 1
LogInit: Presizing for max 8388607 objects, including 0 objects not considered by GC, pre-allocating 0 bytes for permanent pool.
LogInit: Object subsystem initialized
[2018.01.27-23.32.57:050][  0]LogInit: Selected Device Profile: [Windows]
[2018.01.27-23.32.57:051][  0]LogInit: Applying CVar settings loaded from the selected device profile: [Windows]
[2018.01.27-23.32.57:066][  0]LogInit: Computer: DESKTOP-6PO0U0M
[2018.01.27-23.32.57:066][  0]LogInit: User: Treym
[2018.01.27-23.32.57:066][  0]LogInit: CPU Page size=4096, Cores=4
[2018.01.27-23.32.57:066][  0]LogInit: High frequency timer resolution =2.742190 MHz
[2018.01.27-23.32.57:066][  0]LogMemory: Memory total: Physical=16.0GB (16GB approx)
[2018.01.27-23.32.57:066][  0]LogMemory: Platform Memory Stats for Windows
[2018.01.27-23.32.57:066][  0]LogMemory: Process Physical Memory: 277.69 MB used, 277.69 MB peak
[2018.01.27-23.32.57:066][  0]LogMemory: Process Virtual Memory: 274.52 MB used, 274.52 MB peak
[2018.01.27-23.32.57:066][  0]LogMemory: Physical Memory: 4931.71 MB used,  11406.90 MB free, 16338.62 MB total
[2018.01.27-23.32.57:066][  0]LogMemory: Virtual Memory: 732.24 MB used,  11406.90 MB free, 134217728.00 MB total
[2018.01.27-23.32.57:902][  0]LogInit: Using OS detected language (en-US).
[2018.01.27-23.32.57:902][  0]LogInit: Using OS detected locale (en-US).
[2018.01.27-23.32.57:906][  0]LogTextLocalizationManager: No specific localization for 'en-US' exists, so the 'en' localization will be used.
[2018.01.27-23.32.58:461][  0]LogInit: Setting process to per monitor DPI aware
[2018.01.27-23.32.58:807][  0]LogD3D11RHI: D3D11 adapters:
[2018.01.27-23.32.58:864][  0]LogD3D11RHI:    0. 'NVIDIA GeForce GTX 1080 with Max-Q Design' (Feature Level 11_0)
[2018.01.27-23.32.58:864][  0]LogD3D11RHI:       8105/0/8169 MB DedicatedVideo/DedicatedSystem/SharedSystem, Outputs:2, VendorId:0x10de
[2018.01.27-23.32.58:866][  0]LogD3D11RHI:    1. 'Microsoft Basic Render Driver' (Feature Level 11_0)
[2018.01.27-23.32.58:867][  0]LogD3D11RHI:       0/0/8169 MB DedicatedVideo/DedicatedSystem/SharedSystem, Outputs:0, VendorId:0x1414
[2018.01.27-23.32.58:867][  0]LogD3D11RHI: Chosen D3D11 Adapter: 0
[2018.01.27-23.32.58:877][  0]LogD3D11RHI: Creating new Direct3DDevice
[2018.01.27-23.32.58:877][  0]LogD3D11RHI:     GPU DeviceId: 0x1be0 (for the marketing name, search the web for "GPU Device Id")
[2018.01.27-23.32.58:877][  0]LogWindows: EnumDisplayDevices:
[2018.01.27-23.32.58:877][  0]LogWindows:    0. 'NVIDIA GeForce GTX 1080 with Max-Q Design' (P:1 D:1)
[2018.01.27-23.32.58:877][  0]LogWindows:    1. 'NVIDIA GeForce GTX 1080 with Max-Q Design' (P:0 D:1)
[2018.01.27-23.32.58:878][  0]LogWindows:    2. 'NVIDIA GeForce GTX 1080 with Max-Q Design' (P:0 D:0)
[2018.01.27-23.32.58:878][  0]LogWindows:    3. 'NVIDIA GeForce GTX 1080 with Max-Q Design' (P:0 D:0)
[2018.01.27-23.32.58:878][  0]LogWindows: DebugString: GetVideoDriverDetailsInvalid PrimaryIsNotTheChoosenAdapter GetVideoDriverDetailsInvalid PrimaryIsNotTheChoosenAdapter GetVideoDriverDetailsInvalid PrimaryIsNotTheChoosenAdapter GetVideoDriverDetailsInvalid PrimaryIsNotTheChoosenAdapter FoundDriverCount:0 
[2018.01.27-23.32.58:878][  0]LogD3D11RHI:     Adapter Name: NVIDIA GeForce GTX 1080 with Max-Q Design
[2018.01.27-23.32.58:878][  0]LogD3D11RHI:   Driver Version: Unknown (internal:Unknown, unified:Unknown)
[2018.01.27-23.32.58:878][  0]LogD3D11RHI:      Driver Date: Unknown
[2018.01.27-23.32.58:878][  0]LogRHI: Texture pool is 5673 MB (70% of 8105 MB)
[2018.01.27-23.32.58:906][  0]LogD3D11RHI: Async texture creation enabled
[2018.01.27-23.32.58:920][  0]LogD3D11RHI: GPU Timing Frequency: 1000.000000 (Debug: 2 1)
[2018.01.27-23.32.59:013][  0]LogShaderCompilers: Guid format shader working directory is -27 characters bigger than the processId version (../../../../../../Users/Treym/Desktop/GlobalGameJam/GlobalGameJam/ggj2018/Intermediate/Shaders/WorkingDirectory/8516/).
[2018.01.27-23.32.59:013][  0]LogShaderCompilers: Cleaned the shader compiler working directory 'C:/Users/Treym/AppData/Local/Temp/UnrealShaderWorkingDir/5AF41A7C4AF58A25413CE980D68F6518/'.
[2018.01.27-23.32.59:013][  0]LogShaderCompilers: Display: Using Local Shader Compiler.
[2018.01.27-23.33.00:329][  0]LogTemp: Display: Loaded TP AllDesktopTargetPlatform
[2018.01.27-23.33.00:401][  0]LogTemp: Display: Loaded TP MacClientTargetPlatform
[2018.01.27-23.33.00:464][  0]LogTemp: Display: Loaded TP MacNoEditorTargetPlatform
[2018.01.27-23.33.00:532][  0]LogTemp: Display: Loaded TP MacServerTargetPlatform
[2018.01.27-23.33.00:602][  0]LogTemp: Display: Loaded TP MacTargetPlatform
[2018.01.27-23.33.00:671][  0]LogTemp: Display: Loaded TP WindowsClientTargetPlatform
[2018.01.27-23.33.00:741][  0]LogTemp: Display: Loaded TP WindowsNoEditorTargetPlatform
[2018.01.27-23.33.00:810][  0]LogTemp: Display: Loaded TP WindowsServerTargetPlatform
[2018.01.27-23.33.00:873][  0]LogTemp: Display: Loaded TP WindowsTargetPlatform
[2018.01.27-23.33.00:938][  0]LogTemp: Display: Loaded TP Android_ASTCTargetPlatform
[2018.01.27-23.33.01:011][  0]LogTemp: Display: Loaded TP Android_ATCTargetPlatform
[2018.01.27-23.33.01:083][  0]LogTemp: Display: Loaded TP Android_DXTTargetPlatform
[2018.01.27-23.33.01:154][  0]LogTemp: Display: Loaded TP Android_ETC1TargetPlatform
[2018.01.27-23.33.01:229][  0]LogTemp: Display: Loaded TP Android_ETC2TargetPlatform
[2018.01.27-23.33.01:373][  0]LogTemp: Display: Loaded TP Android_MultiTargetPlatform
[2018.01.27-23.33.01:373][  0]LogTemp: Display: Loaded TP Android_PVRTCTargetPlatform
[2018.01.27-23.33.01:442][  0]LogTemp: Display: Loaded TP AndroidTargetPlatform
[2018.01.27-23.33.01:497][  0]LogTemp: Display: Loaded TP HTML5TargetPlatform
[2018.01.27-23.33.01:611][  0]LogTemp: Display: Loaded TP IOSTargetPlatform
[2018.01.27-23.33.01:652][  0]LogTemp: Display: Loaded TP TVOSTargetPlatform
[2018.01.27-23.33.01:719][  0]LogTemp: Display: Loaded TP LinuxClientTargetPlatform
[2018.01.27-23.33.01:785][  0]LogTemp: Display: Loaded TP LinuxNoEditorTargetPlatform
[2018.01.27-23.33.01:847][  0]LogTemp: Display: Loaded TP LinuxServerTargetPlatform
[2018.01.27-23.33.01:908][  0]LogTemp: Display: Loaded TP LinuxTargetPlatform
[2018.01.27-23.33.01:908][  0]LogTargetPlatformManager: Display: Building Assets For Windows
[2018.01.27-23.33.02:505][  0]LogDerivedDataCache: Display: Max Cache Size: 512 MB
[2018.01.27-23.33.02:590][  0]LogDerivedDataCache: Loaded boot cache 0.08s 78MB C:/Users/Treym/AppData/Local/UnrealEngine/4.18/DerivedDataCache/Boot.ddc.
[2018.01.27-23.33.02:590][  0]LogDerivedDataCache: Display: Loaded Boot cache: C:/Users/Treym/AppData/Local/UnrealEngine/4.18/DerivedDataCache/Boot.ddc
[2018.01.27-23.33.02:590][  0]LogDerivedDataCache: FDerivedDataBackendGraph:  Pak pak cache file ../../../../../../Users/Treym/Desktop/GlobalGameJam/GlobalGameJam/ggj2018/DerivedDataCache/DDC.ddp not found, will not use a pak cache.
[2018.01.27-23.33.02:590][  0]LogDerivedDataCache: Unable to find inner node Pak for hierarchical cache Hierarchy.
[2018.01.27-23.33.02:590][  0]LogDerivedDataCache: FDerivedDataBackendGraph:  CompressedPak pak cache file ../../../../../../Users/Treym/Desktop/GlobalGameJam/GlobalGameJam/ggj2018/DerivedDataCache/Compressed.ddp not found, will not use a pak cache.
[2018.01.27-23.33.02:590][  0]LogDerivedDataCache: Unable to find inner node CompressedPak for hierarchical cache Hierarchy.
[2018.01.27-23.33.02:610][  0]LogDerivedDataCache: Display: Pak cache opened for reading ../../../Engine/DerivedDataCache/Compressed.ddp.
[2018.01.27-23.33.02:622][  0]LogDerivedDataCache: Using Local data cache path C:/Users/Treym/AppData/Local/UnrealEngine/Common/DerivedDataCache: Writable
[2018.01.27-23.33.02:636][  0]LogMaterial: Verifying Global Shaders for PCD3D_SM5
[2018.01.27-23.33.02:636][  0]LogSlate: Using Freetype 2.6.0
[2018.01.27-23.33.02:637][  0]LogSlate: SlateFontCache - WITH_FREETYPE: 1, WITH_HARFBUZZ: 1
[2018.01.27-23.33.02:637][  0]LogSlate: SlateFontCache - WITH_FREETYPE: 1, WITH_HARFBUZZ: 1
[2018.01.27-23.33.03:130][  0]LogInit: Selected Device Profile: [Windows]
[2018.01.27-23.33.03:590][  0]LogSimplygon: Simplygon DLL not present - disabling.
[2018.01.27-23.33.03:654][  0]LogMeshReduction: Using SimplygonSwarm for distributed automatic mesh merging
[2018.01.27-23.33.03:654][  0]LogMeshReduction: Using QuadricMeshReduction for automatic static mesh reduction
[2018.01.27-23.33.03:654][  0]LogMeshReduction: No automatic skeletal mesh reduction module available
[2018.01.27-23.33.03:654][  0]LogMeshReduction: No automatic mesh merging module available
[2018.01.27-23.33.03:654][  0]LogMeshMerging: No automatic mesh merging module available
[2018.01.27-23.33.03:698][  0]LogNetVersion: ggj2018 , NetCL: 3709383, EngineNetVer: 2, GameNetVer: 0 (Checksum: 4219683102)
[2018.01.27-23.33.03:927][  0]LogAssetRegistry: FAssetRegistry took 0.0290 seconds to start up
[2018.01.27-23.33.04:686][  0]LogPackageLocalizationCache: Processed 7 localized package path(s) for 2 prioritized culture(s) in 0.125489 seconds
[2018.01.27-23.33.04:695][  0]LogUObjectArray: 35870 objects as part of root set at end of initial load.
[2018.01.27-23.33.04:695][  0]LogUObjectAllocator: 7363696 out of 0 bytes used by permanent object pool.
[2018.01.27-23.33.04:695][  0]LogUObjectArray: CloseDisregardForGC: 0/0 objects in disregard for GC pool
[2018.01.27-23.33.04:793][  0]LogInit: WinSock: version 1.1 (2.2), MaxSocks=32767, MaxUdp=65467
[2018.01.27-23.33.08:665][  0]LogTcpMessaging: Initializing TcpMessaging bridge
[2018.01.27-23.33.08:714][  0]LogUdpMessaging: Initializing bridge on interface 0.0.0.0:0 to multicast group 230.0.0.1:6666.
[2018.01.27-23.33.09:681][  0]LogMaterial: Uniform references updated for custom material expression Custom.
[2018.01.27-23.33.10:262][  0]SourceControl: Source control is disabled
[2018.01.27-23.33.10:262][  0]SourceControl: Source control is disabled
[2018.01.27-23.33.10:334][  0]SourceControl: Source control is disabled
[2018.01.27-23.33.10:403][  0]SourceControl: Source control is disabled
[2018.01.27-23.33.11:485][  0]LogAndroidPermission: UAndroidPermissionCallbackProxy::GetInstance
[2018.01.27-23.33.11:843][  0]LogOcInput: OculusInput pre-init called
[2018.01.27-23.33.12:194][  0]LogEngine: Initializing Engine...
[2018.01.27-23.33.12:196][  0]LogHMD: Failed to initialize OpenVR with code 110
[2018.01.27-23.33.12:448][  0]LogStats: UGameplayTagsManager::ConstructGameplayTagTree: Construct from data asset -  0.000 s
[2018.01.27-23.33.12:448][  0]LogStats: UGameplayTagsManager::ConstructGameplayTagTree: GameplayTagTreeChangedEvent.Broadcast -  0.000 s
[2018.01.27-23.33.12:618][  0]LogAIModule: Creating AISystem for world Untitled
[2018.01.27-23.33.12:648][  0]LogInit: XAudio2 using 'Speakers (Realtek High Definition Audio)' : 6 channels at 48 kHz using 32 bits per sample (channel mask 0x3f)
[2018.01.27-23.33.12:712][  0]LogInit: FAudioDevice initialized.
[2018.01.27-23.33.12:790][  0]LogDerivedDataCache: Saved boot cache 0.08s 78MB C:/Users/Treym/AppData/Local/UnrealEngine/4.18/DerivedDataCache/Boot.ddc.
[2018.01.27-23.33.12:802][  0]LogInit: Texture streaming: Enabled
[2018.01.27-23.33.12:937][  0]LogEngineSessionManager: EngineSessionManager initialized
[2018.01.27-23.33.13:129][  0]LogInit: Transaction tracking system initialized
[2018.01.27-23.33.13:558][  0]BlueprintLog: New page: Editor Load
[2018.01.27-23.33.14:795][  0]LocalizationService: Localization service is disabled
[2018.01.27-23.33.15:837][  0]LogConsoleResponse: Display: 
[2018.01.27-23.33.16:055][  0]LogCook: Display: Max memory allowance for cook 16384mb min free memory 0mb
[2018.01.27-23.33.16:056][  0]LogCook: Display: Mobile HDR setting 1
[2018.01.27-23.33.16:056][  0]LogGameplayTags: Display: UGameplayTagsManager::DoneAddingNativeTags. DelegateIsBound: 0
[2018.01.27-23.33.16:772][  0]LogFileCache: Scanning file cache for directory 'C:/Users/Treym/Desktop/GlobalGameJam/GlobalGameJam/ggj2018/Content/' took 0.02s
[2018.01.27-23.33.17:687][  0]SourceControl: Source control is disabled
[2018.01.27-23.33.17:687][  0]Cmd: MAP LOAD FILE="../../../Engine/Content/Maps/Templates/Template_Default.umap" TEMPLATE=1 SHOWPROGRESS=1 FEATURELEVEL=3
[2018.01.27-23.33.17:688][  0]LightingResults: New page: Lighting Build
[2018.01.27-23.33.17:744][  0]MapCheck: New page: Map Check
[2018.01.27-23.33.17:744][  0]LightingResults: New page: Lighting Build
[2018.01.27-23.33.18:041][  0]LogAIModule: Creating AISystem for world Untitled_1
[2018.01.27-23.33.18:049][  0]LogEditorServer: Finished looking for orphan Actors (0.000 secs)
[2018.01.27-23.33.18:065][  0]Cmd: MAP CHECKDEP NOCLEARLOG
[2018.01.27-23.33.18:129][  0]MapCheck: Map check complete: 0 Error(s), 0 Warning(s), took 63.425ms to complete.
[2018.01.27-23.33.18:129][  0]LogFileHelpers: Loading map 'Template_Default' took 0.442
[2018.01.27-23.33.18:306][  0]LogCollectionManager: Loaded 0 collections in 0.002613 seconds
[2018.01.27-23.33.18:414][  0]LogFileCache: Scanning file cache for directory 'C:/Users/Treym/Desktop/GlobalGameJam/GlobalGameJam/ggj2018/Saved/Collections/' took 0.01s
[2018.01.27-23.33.18:414][  0]LogFileCache: Scanning file cache for directory 'C:/Users/Treym/Desktop/GlobalGameJam/GlobalGameJam/ggj2018/Content/Developers/Treym/Collections/' took 0.01s
[2018.01.27-23.33.18:414][  0]LogFileCache: Scanning file cache for directory 'C:/Users/Treym/Desktop/GlobalGameJam/GlobalGameJam/ggj2018/Content/Collections/' took 0.01s
[2018.01.27-23.33.18:414][  0]LogCollectionManager: Rebuilt the GUID cache for 0 collections in 0.000000 seconds
[2018.01.27-23.33.18:424][  0]LogContentBrowser: Native class hierarchy populated in 0.0103 seconds. Added 2367 classes and 521 folders.
[2018.01.27-23.33.18:518][  0]LogContentBrowser: Native class hierarchy updated for 'WidgetCarousel' in 0.0008 seconds. Added 0 classes and 0 folders.
[2018.01.27-23.33.18:566][  0]LogContentBrowser: Native class hierarchy updated for 'AddContentDialog' in 0.0006 seconds. Added 0 classes and 0 folders.
[2018.01.27-23.33.18:625][  0]LogContentBrowser: Native class hierarchy updated for 'SceneOutliner' in 0.0009 seconds. Added 1 classes and 2 folders.
[2018.01.27-23.33.18:676][  0]LogSlate: Took 0.000218 seconds to synchronously load lazily loaded font '../../../Engine/Content/Slate/Fonts/Roboto-Regular.ttf' (155K)
[2018.01.27-23.33.18:678][  0]LogSlate: Took 0.000210 seconds to synchronously load lazily loaded font '../../../Engine/Content/Slate/Fonts/Roboto-Bold.ttf' (160K)
[2018.01.27-23.33.18:686][  0]LogSlate: Took 0.000207 seconds to synchronously load lazily loaded font '../../../Engine/Content/Editor/Slate/Fonts/FontAwesome.ttf' (139K)
[2018.01.27-23.33.18:823][  0]LogRenderer: Reallocating scene render targets to support 520x436 Format 10 NumSamples 1 (Frame:1).
[2018.01.27-23.33.19:082][  0]LogContentBrowser: Native class hierarchy updated for 'HierarchicalLODOutliner' in 0.0006 seconds. Added 1 classes and 2 folders.
[2018.01.27-23.33.19:082][  0]LogLoad: (Engine Initialization) Total time: 25.93 seconds
[2018.01.27-23.33.19:082][  0]LogLoad: (Engine Initialization) Total Blueprint compile time: 0.00 seconds
[2018.01.27-23.33.19:082][  0]LogExternalProfiler: Found external profiler: VSPerf
[2018.01.27-23.33.19:082][  0]LogExternalProfiler: Using external profiler: VSPerf
[2018.01.27-23.33.19:442][  0]LogContentStreaming: Texture pool size now 1000 MB
[2018.01.27-23.33.19:483][  0]LogSlate: Took 0.000251 seconds to synchronously load lazily loaded font '../../../Engine/Content/Slate/Fonts/Roboto-Light.ttf' (159K)
[2018.01.27-23.33.19:763][  1]LogAssetRegistry: Asset discovery search completed in 15.8581 seconds
[2018.01.27-23.33.19:765][  1]LogCollectionManager: Rebuilt the object cache for 0 collections in 0.000000 seconds (found 0 objects)
[2018.01.27-23.33.19:765][  1]LogCollectionManager: Fixed up redirectors for 0 collections in 0.000057 seconds (updated 0 objects)
[2018.01.27-23.33.37:165][214]LogSlate: Took 0.000188 seconds to synchronously load lazily loaded font '../../../Engine/Content/Slate/Fonts/Roboto-Light.ttf' (159K)
[2018.01.27-23.33.37:503][214]LogAIModule: Creating AISystem for world AIPlayground
[2018.01.27-23.33.37:531][214]Cmd: MAP LOAD FILE="../../../../../../Users/Treym/Desktop/GlobalGameJam/GlobalGameJam/ggj2018/Content/AI_Playground/AIPlayground.umap" TEMPLATE=0 SHOWPROGRESS=1 FEATURELEVEL=3
[2018.01.27-23.33.37:531][214]LightingResults: New page: Lighting Build
[2018.01.27-23.33.37:531][214]LoadErrors: New page: Loading map: AIPlayground.umap
[2018.01.27-23.33.37:532][214]MapCheck: New page: Map Check
[2018.01.27-23.33.37:532][214]LightingResults: New page: Lighting Build
[2018.01.27-23.33.37:551][214]LogEditorServer: Finished looking for orphan Actors (0.000 secs)
[2018.01.27-23.33.37:601][214]Cmd: MAP CHECKDEP NOCLEARLOG
[2018.01.27-23.33.37:666][214]MapCheck: Map check complete: 0 Error(s), 0 Warning(s), took 64.858ms to complete.
[2018.01.27-23.33.37:666][214]LogFileHelpers: Loading map 'AIPlayground' took 0.137
[2018.01.27-23.33.39:870][319]LogSavePackage: Save=194.79ms
[2018.01.27-23.33.39:870][319]LogSavePackage: Moving '../../../../../../Users/Treym/Desktop/GlobalGameJam/GlobalGameJam/ggj2018/Saved/AIPlayground5E32B83F46ECEF0F631960B42B8428C1.tmp' to '../../../../../../Users/Treym/Desktop/GlobalGameJam/GlobalGameJam/ggj2018/Content/AI_Playground/AIPlayground.umap'
[2018.01.27-23.33.39:874][319]LogSavePackage: Display: Finished SavePackage ../../../../../../Users/Treym/Desktop/GlobalGameJam/GlobalGameJam/ggj2018/Content/AI_Playground/AIPlayground.umap
[2018.01.27-23.33.43:063][442]LogTemp: Repeating last play command: New Editor Window (PIE)
[2018.01.27-23.33.43:117][442]LogBlueprintUserMessages: Early PlayInEditor Detection: Level '/Game/AI_Playground/AIPlayground.AIPlayground:PersistentLevel' has LevelScriptBlueprint '/Game/AI_Playground/AIPlayground.AIPlayground:PersistentLevel.AIPlayground' with GeneratedClass '/Game/AI_Playground/AIPlayground.AIPlayground_C' with ClassGeneratedBy '/Game/AI_Playground/AIPlayground.AIPlayground:PersistentLevel.AIPlayground'
[2018.01.27-23.33.43:117][442]LogPlayLevel: PlayLevel: No blueprints needed recompiling
[2018.01.27-23.33.43:117][442]PIE: New page: PIE session: AIPlayground (Jan 27, 2018, 7:33:43 AM)
[2018.01.27-23.33.43:117][442]LogPlayLevel: Creating play world package: /Game/AI_Playground/UEDPIE_0_AIPlayground
[2018.01.27-23.33.43:124][442]LogPlayLevel: PIE: StaticDuplicateObject took: (0.006875s)
[2018.01.27-23.33.43:125][442]LogAIModule: Creating AISystem for world AIPlayground
[2018.01.27-23.33.43:125][442]LogPlayLevel: PIE: World Init took: (0.000708s)
[2018.01.27-23.33.43:125][442]LogPlayLevel: PIE: Created PIE world by copying editor world from /Game/AI_Playground/AIPlayground.AIPlayground to /Game/AI_Playground/UEDPIE_0_AIPlayground.AIPlayground (0.007868s)
[2018.01.27-23.33.43:157][442]LogInit: XAudio2 using 'Speakers (Realtek High Definition Audio)' : 6 channels at 48 kHz using 32 bits per sample (channel mask 0x3f)
[2018.01.27-23.33.43:212][442]LogInit: FAudioDevice initialized.
[2018.01.27-23.33.43:347][442]LogLoad: Game class is 'GameModeBase'
[2018.01.27-23.33.43:353][442]LogWorld: Bringing World /Game/AI_Playground/UEDPIE_0_AIPlayground.AIPlayground up for play (max tick rate 60) at 2018.01.27-15.33.43
[2018.01.27-23.33.43:355][442]LogWorld: Bringing up level for play took: 0.006419
[2018.01.27-23.33.43:406][442]LogContentBrowser: Native class hierarchy updated for 'MovieSceneCapture' in 0.0007 seconds. Added 11 classes and 0 folders.
[2018.01.27-23.33.43:410][442]PIE: Play in editor start time for /Game/AI_Playground/UEDPIE_0_AIPlayground 0.719
[2018.01.27-23.33.43:411][442]LogBlueprintUserMessages: Late PlayInEditor Detection: Level '/Game/AI_Playground/AIPlayground.AIPlayground:PersistentLevel' has LevelScriptBlueprint '/Game/AI_Playground/AIPlayground.AIPlayground:PersistentLevel.AIPlayground' with GeneratedClass '/Game/AI_Playground/AIPlayground.AIPlayground_C' with ClassGeneratedBy '/Game/AI_Playground/AIPlayground.AIPlayground:PersistentLevel.AIPlayground'
[2018.01.27-23.33.43:440][442]LogRenderer: Reallocating scene render targets to support 1024x576 Format 10 NumSamples 1 (Frame:1).
[2018.01.27-23.33.57:456][ 40]LogNet: Browse: /Game/Main_Map
[2018.01.27-23.33.57:478][ 40]LogLoad: LoadMap: /Game/Main_Map
[2018.01.27-23.33.57:876][ 40]LogAIModule: Creating AISystem for world Main_Map
[2018.01.27-23.33.57:876][ 40]LogLoad: Game class is 'GameModeBase'
[2018.01.27-23.33.57:878][ 40]LogWorld: Bringing World /Game/UEDPIE_0_Main_Map.Main_Map up for play (max tick rate 60) at 2018.01.27-15.33.57
[2018.01.27-23.33.57:878][ 40]LogWorld: Bringing up level for play took: 0.001575
[2018.01.27-23.33.57:879][ 40]LogGameMode: FindPlayerStart: PATHS NOT DEFINED or NO PLAYERSTART with positive rating
[2018.01.27-23.33.57:880][ 40]LogLoad: Took 0.401787 seconds to LoadMap(/Game/Main_Map)
[2018.01.27-23.34.00:741][165]LogBlueprintUserMessages: Early EndPlayMap Detection: Level '/Game/AI_Playground/AIPlayground.AIPlayground:PersistentLevel' has LevelScriptBlueprint '/Game/AI_Playground/AIPlayground.AIPlayground:PersistentLevel.AIPlayground' with GeneratedClass '/Game/AI_Playground/AIPlayground.AIPlayground_C' with ClassGeneratedBy '/Game/AI_Playground/AIPlayground.AIPlayground:PersistentLevel.AIPlayground'
[2018.01.27-23.34.00:804][165]LogBlueprintUserMessages: Late EndPlayMap Detection: Level '/Game/AI_Playground/AIPlayground.AIPlayground:PersistentLevel' has LevelScriptBlueprint '/Game/AI_Playground/AIPlayground.AIPlayground:PersistentLevel.AIPlayground' with GeneratedClass '/Game/AI_Playground/AIPlayground.AIPlayground_C' with ClassGeneratedBy '/Game/AI_Playground/AIPlayground.AIPlayground:PersistentLevel.AIPlayground'
[2018.01.27-23.34.14:009][715]LogTemp: Repeating last play command: New Editor Window (PIE)
[2018.01.27-23.34.14:033][715]LogBlueprintUserMessages: Early PlayInEditor Detection: Level '/Game/AI_Playground/AIPlayground.AIPlayground:PersistentLevel' has LevelScriptBlueprint '/Game/AI_Playground/AIPlayground.AIPlayground:PersistentLevel.AIPlayground' with GeneratedClass '/Game/AI_Playground/AIPlayground.AIPlayground_C' with ClassGeneratedBy '/Game/AI_Playground/AIPlayground.AIPlayground:PersistentLevel.AIPlayground'
[2018.01.27-23.34.14:033][715]LogPlayLevel: PlayLevel: No blueprints needed recompiling
[2018.01.27-23.34.14:033][715]PIE: New page: PIE session: AIPlayground (Jan 27, 2018, 7:34:14 AM)
[2018.01.27-23.34.14:033][715]LogPlayLevel: Creating play world package: /Game/AI_Playground/UEDPIE_0_AIPlayground
[2018.01.27-23.34.14:041][715]LogPlayLevel: PIE: StaticDuplicateObject took: (0.007122s)
[2018.01.27-23.34.14:041][715]LogAIModule: Creating AISystem for world AIPlayground
[2018.01.27-23.34.14:042][715]LogPlayLevel: PIE: World Init took: (0.001186s)
[2018.01.27-23.34.14:042][715]LogPlayLevel: PIE: Created PIE world by copying editor world from /Game/AI_Playground/AIPlayground.AIPlayground to /Game/AI_Playground/UEDPIE_0_AIPlayground.AIPlayground (0.008683s)
[2018.01.27-23.34.14:080][715]LogInit: XAudio2 using 'Speakers (Realtek High Definition Audio)' : 6 channels at 48 kHz using 32 bits per sample (channel mask 0x3f)
[2018.01.27-23.34.14:146][715]LogInit: FAudioDevice initialized.
[2018.01.27-23.34.14:251][715]LogLoad: Game class is 'GameModeBase'
[2018.01.27-23.34.14:257][715]LogWorld: Bringing World /Game/AI_Playground/UEDPIE_0_AIPlayground.AIPlayground up for play (max tick rate 60) at 2018.01.27-15.34.14
[2018.01.27-23.34.14:258][715]LogWorld: Bringing up level for play took: 0.005909
[2018.01.27-23.34.14:263][715]PIE: Play in editor start time for /Game/AI_Playground/UEDPIE_0_AIPlayground -0.429
[2018.01.27-23.34.14:263][715]LogBlueprintUserMessages: Late PlayInEditor Detection: Level '/Game/AI_Playground/AIPlayground.AIPlayground:PersistentLevel' has LevelScriptBlueprint '/Game/AI_Playground/AIPlayground.AIPlayground:PersistentLevel.AIPlayground' with GeneratedClass '/Game/AI_Playground/AIPlayground.AIPlayground_C' with ClassGeneratedBy '/Game/AI_Playground/AIPlayground.AIPlayground:PersistentLevel.AIPlayground'
[2018.01.27-23.34.31:037][376]LogNet: Browse: /Game/Main_Map
[2018.01.27-23.34.31:058][376]LogLoad: LoadMap: /Game/Main_Map
[2018.01.27-23.34.31:128][376]LogAIModule: Creating AISystem for world Main_Map
[2018.01.27-23.34.31:128][376]LogLoad: Game class is 'GameModeBase'
[2018.01.27-23.34.31:129][376]LogWorld: Bringing World /Game/UEDPIE_0_Main_Map.Main_Map up for play (max tick rate 60) at 2018.01.27-15.34.31
[2018.01.27-23.34.31:130][376]LogWorld: Bringing up level for play took: 0.001361
[2018.01.27-23.34.31:130][376]LogGameMode: FindPlayerStart: PATHS NOT DEFINED or NO PLAYERSTART with positive rating
[2018.01.27-23.34.31:131][376]LogLoad: Took 0.072283 seconds to LoadMap(/Game/Main_Map)
[2018.01.27-23.34.52:811][309]LogBlueprintUserMessages: Early EndPlayMap Detection: Level '/Game/AI_Playground/AIPlayground.AIPlayground:PersistentLevel' has LevelScriptBlueprint '/Game/AI_Playground/AIPlayground.AIPlayground:PersistentLevel.AIPlayground' with GeneratedClass '/Game/AI_Playground/AIPlayground.AIPlayground_C' with ClassGeneratedBy '/Game/AI_Playground/AIPlayground.AIPlayground:PersistentLevel.AIPlayground'
[2018.01.27-23.34.52:871][309]LogBlueprintUserMessages: Late EndPlayMap Detection: Level '/Game/AI_Playground/AIPlayground.AIPlayground:PersistentLevel' has LevelScriptBlueprint '/Game/AI_Playground/AIPlayground.AIPlayground:PersistentLevel.AIPlayground' with GeneratedClass '/Game/AI_Playground/AIPlayground.AIPlayground_C' with ClassGeneratedBy '/Game/AI_Playground/AIPlayground.AIPlayground:PersistentLevel.AIPlayground'
[2018.01.27-23.36.06:381][427]LogContentBrowser: Native class hierarchy updated for 'BlueprintGraph' in 0.0010 seconds. Added 116 classes and 0 folders.
[2018.01.27-23.36.07:155][427]LogSlate: Took 0.000166 seconds to synchronously load lazily loaded font '../../../Engine/Content/Slate/Fonts/Roboto-Regular.ttf' (155K)
[2018.01.27-23.36.07:226][427]LogSlate: Took 0.000255 seconds to synchronously load lazily loaded font '../../../Engine/Content/Editor/Slate/Fonts/Roboto-BoldCondensed.ttf' (158K)
[2018.01.27-23.36.10:014][527]LogSlate: Took 0.000256 seconds to synchronously load lazily loaded font '../../../Engine/Content/Editor/Slate/Fonts/Roboto-Italic.ttf' (157K)
[2018.01.27-23.36.26:191][111]Cmd: OBJ SAVEPACKAGE PACKAGE="/Game/Misc_BP/Exit_Volume_BP" FILE="../../../../../../Users/Treym/Desktop/GlobalGameJam/GlobalGameJam/ggj2018/Content/Misc_BP/Exit_Volume_BP.uasset" SILENT=true
[2018.01.27-23.36.26:242][111]LogSavePackage: Save=32.69ms
[2018.01.27-23.36.26:242][111]LogSavePackage: Moving '../../../../../../Users/Treym/Desktop/GlobalGameJam/GlobalGameJam/ggj2018/Saved/Exit_Volume_BPBACE2A304F4F8E08F7E4EBABC9515C49.tmp' to '../../../../../../Users/Treym/Desktop/GlobalGameJam/GlobalGameJam/ggj2018/Content/Misc_BP/Exit_Volume_BP.uasset'
[2018.01.27-23.36.26:246][111]LogSavePackage: Display: Finished SavePackage ../../../../../../Users/Treym/Desktop/GlobalGameJam/GlobalGameJam/ggj2018/Content/Misc_BP/Exit_Volume_BP.uasset
[2018.01.27-23.36.47:773][865]BlueprintLog: New page: Compile Exit_Volume_BP
[2018.01.27-23.36.48:488][874]Cmd: OBJ SAVEPACKAGE PACKAGE="/Game/Misc_BP/Exit_Volume_BP" FILE="../../../../../../Users/Treym/Desktop/GlobalGameJam/GlobalGameJam/ggj2018/Content/Misc_BP/Exit_Volume_BP.uasset" SILENT=true
[2018.01.27-23.36.48:532][874]LogSavePackage: Save=35.33ms
[2018.01.27-23.36.48:532][874]LogSavePackage: Moving '../../../../../../Users/Treym/Desktop/GlobalGameJam/GlobalGameJam/ggj2018/Saved/Exit_Volume_BP741533CC479E6E418E8F79927E4A2524.tmp' to '../../../../../../Users/Treym/Desktop/GlobalGameJam/GlobalGameJam/ggj2018/Content/Misc_BP/Exit_Volume_BP.uasset'
[2018.01.27-23.36.48:536][874]LogSavePackage: Display: Finished SavePackage ../../../../../../Users/Treym/Desktop/GlobalGameJam/GlobalGameJam/ggj2018/Content/Misc_BP/Exit_Volume_BP.uasset
[2018.01.27-23.37.29:478][ 55]LogSelectionDetails: Warning: NavigateToFunctionSource:  Unable to find symbols for 'UKismetSystemLibrary::K2_PauseTimer' [The specified module could not be found.]
[2018.01.27-23.37.52:287][791]LogSlate: Took 0.006371 seconds to synchronously load lazily loaded font '../../../Engine/Content/Editor/Slate/Fonts/Roboto-BoldCondensedItalic.ttf' (160K)
[2018.01.27-23.38.04:487][187]Cmd: OBJ SAVEPACKAGE PACKAGE="/Game/Misc_BP/Exit_Volume_BP" FILE="../../../../../../Users/Treym/Desktop/GlobalGameJam/GlobalGameJam/ggj2018/Content/Misc_BP/Exit_Volume_BP.uasset" SILENT=true
[2018.01.27-23.38.04:531][187]LogSavePackage: Save=35.56ms
[2018.01.27-23.38.04:531][187]LogSavePackage: Moving '../../../../../../Users/Treym/Desktop/GlobalGameJam/GlobalGameJam/ggj2018/Saved/Exit_Volume_BP652EE6254FB801DC149891BFD74FCA9A.tmp' to '../../../../../../Users/Treym/Desktop/GlobalGameJam/GlobalGameJam/ggj2018/Content/Misc_BP/Exit_Volume_BP.uasset'
[2018.01.27-23.38.04:535][187]LogSavePackage: Display: Finished SavePackage ../../../../../../Users/Treym/Desktop/GlobalGameJam/GlobalGameJam/ggj2018/Content/Misc_BP/Exit_Volume_BP.uasset
[2018.01.27-23.38.08:243][324]BlueprintLog: New page: Compile Exit_Volume_BP
[2018.01.27-23.38.09:238][341]Cmd: OBJ SAVEPACKAGE PACKAGE="/Game/Misc_BP/Exit_Volume_BP" FILE="../../../../../../Users/Treym/Desktop/GlobalGameJam/GlobalGameJam/ggj2018/Content/Misc_BP/Exit_Volume_BP.uasset" SILENT=true
[2018.01.27-23.38.09:286][341]LogSavePackage: Save=36.43ms
[2018.01.27-23.38.09:286][341]LogSavePackage: Moving '../../../../../../Users/Treym/Desktop/GlobalGameJam/GlobalGameJam/ggj2018/Saved/Exit_Volume_BP5C1828164D37BC885F6C29AB68D9BFD6.tmp' to '../../../../../../Users/Treym/Desktop/GlobalGameJam/GlobalGameJam/ggj2018/Content/Misc_BP/Exit_Volume_BP.uasset'
[2018.01.27-23.38.09:288][341]LogSavePackage: Display: Finished SavePackage ../../../../../../Users/Treym/Desktop/GlobalGameJam/GlobalGameJam/ggj2018/Content/Misc_BP/Exit_Volume_BP.uasset
[2018.01.27-23.38.18:473][612]Cmd: OBJ SAVEPACKAGE PACKAGE="/Game/Misc_BP/Exit_Volume_BP" FILE="../../../../../../Users/Treym/Desktop/GlobalGameJam/GlobalGameJam/ggj2018/Content/Misc_BP/Exit_Volume_BP.uasset" SILENT=true
[2018.01.27-23.38.18:519][612]LogSavePackage: Save=36.97ms
[2018.01.27-23.38.18:520][612]LogSavePackage: Moving '../../../../../../Users/Treym/Desktop/GlobalGameJam/GlobalGameJam/ggj2018/Saved/Exit_Volume_BPA8F5B2A74C532A71D4A8C4A5BD2FE7B5.tmp' to '../../../../../../Users/Treym/Desktop/GlobalGameJam/GlobalGameJam/ggj2018/Content/Misc_BP/Exit_Volume_BP.uasset'
[2018.01.27-23.38.18:524][612]LogSavePackage: Display: Finished SavePackage ../../../../../../Users/Treym/Desktop/GlobalGameJam/GlobalGameJam/ggj2018/Content/Misc_BP/Exit_Volume_BP.uasset
[2018.01.27-23.38.20:813][697]BlueprintLog: New page: Compile Exit_Volume_BP
[2018.01.27-23.38.21:497][705]Cmd: OBJ SAVEPACKAGE PACKAGE="/Game/Misc_BP/Exit_Volume_BP" FILE="../../../../../../Users/Treym/Desktop/GlobalGameJam/GlobalGameJam/ggj2018/Content/Misc_BP/Exit_Volume_BP.uasset" SILENT=true
[2018.01.27-23.38.21:543][705]LogSavePackage: Save=36.20ms
[2018.01.27-23.38.21:544][705]LogSavePackage: Moving '../../../../../../Users/Treym/Desktop/GlobalGameJam/GlobalGameJam/ggj2018/Saved/Exit_Volume_BP7BF344A444CFA84132F80CBC1519AD4D.tmp' to '../../../../../../Users/Treym/Desktop/GlobalGameJam/GlobalGameJam/ggj2018/Content/Misc_BP/Exit_Volume_BP.uasset'
[2018.01.27-23.38.21:546][705]LogSavePackage: Display: Finished SavePackage ../../../../../../Users/Treym/Desktop/GlobalGameJam/GlobalGameJam/ggj2018/Content/Misc_BP/Exit_Volume_BP.uasset
[2018.01.27-23.38.40:428][281]BlueprintLog: New page: Compile Exit_Volume_BP
[2018.01.27-23.38.40:444][281]LogClass: Warning: Type mismatch in NextLevelFunc of Exit_Volume_BP_C - Previous (NameProperty) Current(StrProperty) for package:  FObjectReader
[2018.01.27-23.38.47:562][527]Cmd: OBJ SAVEPACKAGE PACKAGE="/Game/Misc_BP/Exit_Volume_BP" FILE="../../../../../../Users/Treym/Desktop/GlobalGameJam/GlobalGameJam/ggj2018/Content/Misc_BP/Exit_Volume_BP.uasset" SILENT=true
[2018.01.27-23.38.47:608][527]LogSavePackage: Save=35.83ms
[2018.01.27-23.38.47:608][527]LogSavePackage: Moving '../../../../../../Users/Treym/Desktop/GlobalGameJam/GlobalGameJam/ggj2018/Saved/Exit_Volume_BPBCED906A4D70491F1B5B36A56970F5D5.tmp' to '../../../../../../Users/Treym/Desktop/GlobalGameJam/GlobalGameJam/ggj2018/Content/Misc_BP/Exit_Volume_BP.uasset'
[2018.01.27-23.38.47:612][527]LogSavePackage: Display: Finished SavePackage ../../../../../../Users/Treym/Desktop/GlobalGameJam/GlobalGameJam/ggj2018/Content/Misc_BP/Exit_Volume_BP.uasset
[2018.01.27-23.39.49:760][512]Cmd: OBJ SAVEPACKAGE PACKAGE="/Game/Misc_BP/Exit_Volume_BP" FILE="../../../../../../Users/Treym/Desktop/GlobalGameJam/GlobalGameJam/ggj2018/Content/Misc_BP/Exit_Volume_BP.uasset" SILENT=true
[2018.01.27-23.39.49:808][512]LogSavePackage: Save=37.80ms
[2018.01.27-23.39.49:808][512]LogSavePackage: Moving '../../../../../../Users/Treym/Desktop/GlobalGameJam/GlobalGameJam/ggj2018/Saved/Exit_Volume_BPA06CDFB24CEAEAFCB90D8F9D0DF14063.tmp' to '../../../../../../Users/Treym/Desktop/GlobalGameJam/GlobalGameJam/ggj2018/Content/Misc_BP/Exit_Volume_BP.uasset'
[2018.01.27-23.39.49:812][512]LogSavePackage: Display: Finished SavePackage ../../../../../../Users/Treym/Desktop/GlobalGameJam/GlobalGameJam/ggj2018/Content/Misc_BP/Exit_Volume_BP.uasset
[2018.01.27-23.39.52:052][587]BlueprintLog: New page: Compile Exit_Volume_BP
[2018.01.27-23.39.53:005][605]Cmd: OBJ SAVEPACKAGE PACKAGE="/Game/Misc_BP/Exit_Volume_BP" FILE="../../../../../../Users/Treym/Desktop/GlobalGameJam/GlobalGameJam/ggj2018/Content/Misc_BP/Exit_Volume_BP.uasset" SILENT=true
[2018.01.27-23.39.53:059][605]LogSavePackage: Save=43.03ms
[2018.01.27-23.39.53:059][605]LogSavePackage: Moving '../../../../../../Users/Treym/Desktop/GlobalGameJam/GlobalGameJam/ggj2018/Saved/Exit_Volume_BP83D23B3E4B28B864696F039C4CFA05CD.tmp' to '../../../../../../Users/Treym/Desktop/GlobalGameJam/GlobalGameJam/ggj2018/Content/Misc_BP/Exit_Volume_BP.uasset'
[2018.01.27-23.39.53:061][605]LogSavePackage: Display: Finished SavePackage ../../../../../../Users/Treym/Desktop/GlobalGameJam/GlobalGameJam/ggj2018/Content/Misc_BP/Exit_Volume_BP.uasset
[2018.01.27-23.39.57:263][732]Cmd: OBJ SAVEPACKAGE PACKAGE="/Game/Misc_BP/Exit_Volume_BP" FILE="../../../../../../Users/Treym/Desktop/GlobalGameJam/GlobalGameJam/ggj2018/Content/Misc_BP/Exit_Volume_BP.uasset" SILENT=true
[2018.01.27-23.39.57:312][732]LogSavePackage: Save=39.31ms
[2018.01.27-23.39.57:312][732]LogSavePackage: Moving '../../../../../../Users/Treym/Desktop/GlobalGameJam/GlobalGameJam/ggj2018/Saved/Exit_Volume_BPDAAAD68947C86A7703224D8CCD3A14D7.tmp' to '../../../../../../Users/Treym/Desktop/GlobalGameJam/GlobalGameJam/ggj2018/Content/Misc_BP/Exit_Volume_BP.uasset'
[2018.01.27-23.39.57:316][732]LogSavePackage: Display: Finished SavePackage ../../../../../../Users/Treym/Desktop/GlobalGameJam/GlobalGameJam/ggj2018/Content/Misc_BP/Exit_Volume_BP.uasset
[2018.01.27-23.40.06:465][ 19]BlueprintLog: New page: Compile Exit_Volume_BP
[2018.01.27-23.40.08:262][ 59]Cmd: OBJ SAVEPACKAGE PACKAGE="/Game/Misc_BP/Exit_Volume_BP" FILE="../../../../../../Users/Treym/Desktop/GlobalGameJam/GlobalGameJam/ggj2018/Content/Misc_BP/Exit_Volume_BP.uasset" SILENT=true
[2018.01.27-23.40.08:309][ 59]LogSavePackage: Save=38.14ms
[2018.01.27-23.40.08:309][ 59]LogSavePackage: Moving '../../../../../../Users/Treym/Desktop/GlobalGameJam/GlobalGameJam/ggj2018/Saved/Exit_Volume_BP4633D60E410409E25AB567A5321BA082.tmp' to '../../../../../../Users/Treym/Desktop/GlobalGameJam/GlobalGameJam/ggj2018/Content/Misc_BP/Exit_Volume_BP.uasset'
[2018.01.27-23.40.08:313][ 59]LogSavePackage: Display: Finished SavePackage ../../../../../../Users/Treym/Desktop/GlobalGameJam/GlobalGameJam/ggj2018/Content/Misc_BP/Exit_Volume_BP.uasset
[2018.01.27-23.41.03:545][ 57]BlueprintLog: New page: Compile Exit_Volume_BP
[2018.01.27-23.41.04:288][ 66]Cmd: OBJ SAVEPACKAGE PACKAGE="/Game/Misc_BP/Exit_Volume_BP" FILE="../../../../../../Users/Treym/Desktop/GlobalGameJam/GlobalGameJam/ggj2018/Content/Misc_BP/Exit_Volume_BP.uasset" SILENT=true
[2018.01.27-23.41.04:353][ 66]LogSavePackage: Save=56.21ms
[2018.01.27-23.41.04:353][ 66]LogSavePackage: Moving '../../../../../../Users/Treym/Desktop/GlobalGameJam/GlobalGameJam/ggj2018/Saved/Exit_Volume_BPEB097ABC439DE56267A671825DC61AA9.tmp' to '../../../../../../Users/Treym/Desktop/GlobalGameJam/GlobalGameJam/ggj2018/Content/Misc_BP/Exit_Volume_BP.uasset'
[2018.01.27-23.41.04:357][ 66]LogSavePackage: Display: Finished SavePackage ../../../../../../Users/Treym/Desktop/GlobalGameJam/GlobalGameJam/ggj2018/Content/Misc_BP/Exit_Volume_BP.uasset
[2018.01.27-23.41.40:468][310]Cmd: OBJ SAVEPACKAGE PACKAGE="/Game/Misc_BP/Exit_Volume_BP" FILE="../../../../../../Users/Treym/Desktop/GlobalGameJam/GlobalGameJam/ggj2018/Content/Misc_BP/Exit_Volume_BP.uasset" SILENT=true
[2018.01.27-23.41.40:549][310]LogSavePackage: Save=61.24ms
[2018.01.27-23.41.40:549][310]LogSavePackage: Moving '../../../../../../Users/Treym/Desktop/GlobalGameJam/GlobalGameJam/ggj2018/Saved/Exit_Volume_BP91EBFBB94A4E5EC8A56A6890CA786801.tmp' to '../../../../../../Users/Treym/Desktop/GlobalGameJam/GlobalGameJam/ggj2018/Content/Misc_BP/Exit_Volume_BP.uasset'
[2018.01.27-23.41.40:554][310]LogSavePackage: Display: Finished SavePackage ../../../../../../Users/Treym/Desktop/GlobalGameJam/GlobalGameJam/ggj2018/Content/Misc_BP/Exit_Volume_BP.uasset
[2018.01.27-23.41.42:011][359]BlueprintLog: New page: Compile Exit_Volume_BP
[2018.01.27-23.41.42:991][375]Cmd: OBJ SAVEPACKAGE PACKAGE="/Game/Misc_BP/Exit_Volume_BP" FILE="../../../../../../Users/Treym/Desktop/GlobalGameJam/GlobalGameJam/ggj2018/Content/Misc_BP/Exit_Volume_BP.uasset" SILENT=true
[2018.01.27-23.41.43:054][375]LogSavePackage: Save=53.90ms
[2018.01.27-23.41.43:054][375]LogSavePackage: Moving '../../../../../../Users/Treym/Desktop/GlobalGameJam/GlobalGameJam/ggj2018/Saved/Exit_Volume_BP5C582AEF454DE95C34F223A11491C52E.tmp' to '../../../../../../Users/Treym/Desktop/GlobalGameJam/GlobalGameJam/ggj2018/Content/Misc_BP/Exit_Volume_BP.uasset'
[2018.01.27-23.41.43:056][375]LogSavePackage: Display: Finished SavePackage ../../../../../../Users/Treym/Desktop/GlobalGameJam/GlobalGameJam/ggj2018/Content/Misc_BP/Exit_Volume_BP.uasset
[2018.01.27-23.42.11:894][350]BlueprintLog: New page: Compile Exit_Volume_BP
[2018.01.27-23.42.13:987][403]Cmd: OBJ SAVEPACKAGE PACKAGE="/Game/Misc_BP/Exit_Volume_BP" FILE="../../../../../../Users/Treym/Desktop/GlobalGameJam/GlobalGameJam/ggj2018/Content/Misc_BP/Exit_Volume_BP.uasset" SILENT=true
[2018.01.27-23.42.14:051][403]LogSavePackage: Save=56.14ms
[2018.01.27-23.42.14:051][403]LogSavePackage: Moving '../../../../../../Users/Treym/Desktop/GlobalGameJam/GlobalGameJam/ggj2018/Saved/Exit_Volume_BP60B1369D425C3BB2A7D0C7A57306CD60.tmp' to '../../../../../../Users/Treym/Desktop/GlobalGameJam/GlobalGameJam/ggj2018/Content/Misc_BP/Exit_Volume_BP.uasset'
[2018.01.27-23.42.14:055][403]LogSavePackage: Display: Finished SavePackage ../../../../../../Users/Treym/Desktop/GlobalGameJam/GlobalGameJam/ggj2018/Content/Misc_BP/Exit_Volume_BP.uasset
[2018.01.27-23.42.19:370][622]LogTemp: Repeating last play command: New Editor Window (PIE)
[2018.01.27-23.42.19:411][622]LogBlueprintUserMessages: Early PlayInEditor Detection: Level '/Game/AI_Playground/AIPlayground.AIPlayground:PersistentLevel' has LevelScriptBlueprint '/Game/AI_Playground/AIPlayground.AIPlayground:PersistentLevel.AIPlayground' with GeneratedClass '/Game/AI_Playground/AIPlayground.AIPlayground_C' with ClassGeneratedBy '/Game/AI_Playground/AIPlayground.AIPlayground:PersistentLevel.AIPlayground'
[2018.01.27-23.42.19:411][622]LogPlayLevel: PlayLevel: No blueprints needed recompiling
[2018.01.27-23.42.19:411][622]PIE: New page: PIE session: AIPlayground (Jan 27, 2018, 7:42:19 AM)
[2018.01.27-23.42.19:411][622]LogPlayLevel: Creating play world package: /Game/AI_Playground/UEDPIE_0_AIPlayground
[2018.01.27-23.42.19:417][622]LogPlayLevel: PIE: StaticDuplicateObject took: (0.005667s)
[2018.01.27-23.42.19:417][622]LogAIModule: Creating AISystem for world AIPlayground
[2018.01.27-23.42.19:418][622]LogPlayLevel: PIE: World Init took: (0.000914s)
[2018.01.27-23.42.19:418][622]LogPlayLevel: PIE: Created PIE world by copying editor world from /Game/AI_Playground/AIPlayground.AIPlayground to /Game/AI_Playground/UEDPIE_0_AIPlayground.AIPlayground (0.006965s)
[2018.01.27-23.42.19:460][622]LogInit: XAudio2 using 'Speakers (Realtek High Definition Audio)' : 6 channels at 48 kHz using 32 bits per sample (channel mask 0x3f)
[2018.01.27-23.42.19:518][622]LogInit: FAudioDevice initialized.
[2018.01.27-23.42.19:629][622]LogLoad: Game class is 'GameModeBase'
[2018.01.27-23.42.19:634][622]LogWorld: Bringing World /Game/AI_Playground/UEDPIE_0_AIPlayground.AIPlayground up for play (max tick rate 60) at 2018.01.27-15.42.19
[2018.01.27-23.42.19:636][622]LogWorld: Bringing up level for play took: 0.005792
[2018.01.27-23.42.19:641][622]PIE: Play in editor start time for /Game/AI_Playground/UEDPIE_0_AIPlayground 0.95
[2018.01.27-23.42.19:642][622]LogBlueprintUserMessages: Late PlayInEditor Detection: Level '/Game/AI_Playground/AIPlayground.AIPlayground:PersistentLevel' has LevelScriptBlueprint '/Game/AI_Playground/AIPlayground.AIPlayground:PersistentLevel.AIPlayground' with GeneratedClass '/Game/AI_Playground/AIPlayground.AIPlayground_C' with ClassGeneratedBy '/Game/AI_Playground/AIPlayground.AIPlayground:PersistentLevel.AIPlayground'
[2018.01.27-23.42.26:223][894]LogBlueprintUserMessages: [Exit_Volume_BP_473] Enter
[2018.01.27-23.42.31:251][106]LogNet: Browse: /Game/Main_Map
[2018.01.27-23.42.31:273][106]LogLoad: LoadMap: /Game/Main_Map
[2018.01.27-23.42.31:354][106]LogAIModule: Creating AISystem for world Main_Map
[2018.01.27-23.42.31:354][106]LogLoad: Game class is 'GameModeBase'
[2018.01.27-23.42.31:356][106]LogWorld: Bringing World /Game/UEDPIE_0_Main_Map.Main_Map up for play (max tick rate 60) at 2018.01.27-15.42.31
[2018.01.27-23.42.31:357][106]LogWorld: Bringing up level for play took: 0.001613
[2018.01.27-23.42.31:357][106]LogGameMode: FindPlayerStart: PATHS NOT DEFINED or NO PLAYERSTART with positive rating
[2018.01.27-23.42.31:358][106]LogLoad: Took 0.085370 seconds to LoadMap(/Game/Main_Map)
[2018.01.27-23.42.34:835][256]LogBlueprintUserMessages: Early EndPlayMap Detection: Level '/Game/AI_Playground/AIPlayground.AIPlayground:PersistentLevel' has LevelScriptBlueprint '/Game/AI_Playground/AIPlayground.AIPlayground:PersistentLevel.AIPlayground' with GeneratedClass '/Game/AI_Playground/AIPlayground.AIPlayground_C' with ClassGeneratedBy '/Game/AI_Playground/AIPlayground.AIPlayground:PersistentLevel.AIPlayground'
[2018.01.27-23.42.34:891][256]LogBlueprintUserMessages: Late EndPlayMap Detection: Level '/Game/AI_Playground/AIPlayground.AIPlayground:PersistentLevel' has LevelScriptBlueprint '/Game/AI_Playground/AIPlayground.AIPlayground:PersistentLevel.AIPlayground' with GeneratedClass '/Game/AI_Playground/AIPlayground.AIPlayground_C' with ClassGeneratedBy '/Game/AI_Playground/AIPlayground.AIPlayground:PersistentLevel.AIPlayground'
[2018.01.27-23.42.46:717][814]BlueprintLog: New page: Compile Exit_Volume_BP
[2018.01.27-23.42.47:823][834]Cmd: OBJ SAVEPACKAGE PACKAGE="/Game/Misc_BP/Exit_Volume_BP" FILE="../../../../../../Users/Treym/Desktop/GlobalGameJam/GlobalGameJam/ggj2018/Content/Misc_BP/Exit_Volume_BP.uasset" SILENT=true
[2018.01.27-23.42.47:887][834]LogSavePackage: Save=54.52ms
[2018.01.27-23.42.47:887][834]LogSavePackage: Moving '../../../../../../Users/Treym/Desktop/GlobalGameJam/GlobalGameJam/ggj2018/Saved/Exit_Volume_BPC8E8EA96431E41C3002E86A4C3283797.tmp' to '../../../../../../Users/Treym/Desktop/GlobalGameJam/GlobalGameJam/ggj2018/Content/Misc_BP/Exit_Volume_BP.uasset'
[2018.01.27-23.42.47:890][834]LogSavePackage: Display: Finished SavePackage ../../../../../../Users/Treym/Desktop/GlobalGameJam/GlobalGameJam/ggj2018/Content/Misc_BP/Exit_Volume_BP.uasset
[2018.01.27-23.43.29:382][511]Cmd: SELECT NONE
[2018.01.27-23.43.33:578][677]LogSlate: Took 0.000247 seconds to synchronously load lazily loaded font '../../../Engine/Content/Slate/Fonts/Roboto-Light.ttf' (159K)
[2018.01.27-23.44.01:046][509]LogSavePackage: Save=235.71ms
[2018.01.27-23.44.01:046][509]LogSavePackage: Moving '../../../../../../Users/Treym/Desktop/GlobalGameJam/GlobalGameJam/ggj2018/Saved/AIPlayground8206DCCA4073AA7FDD0BFAB6E53B5EF7.tmp' to '../../../../../../Users/Treym/Desktop/GlobalGameJam/GlobalGameJam/ggj2018/Content/AI_Playground/AIPlayground.umap'
[2018.01.27-23.44.01:050][509]LogSavePackage: Display: Finished SavePackage ../../../../../../Users/Treym/Desktop/GlobalGameJam/GlobalGameJam/ggj2018/Content/AI_Playground/AIPlayground.umap
[2018.01.27-23.44.01:092][509]LogFileHelpers: Saving map 'AIPlayground' took 0.392
[2018.01.27-23.44.09:955][868]Cmd: QUIT_EDITOR
[2018.01.27-23.44.10:817][868]LogWindowsTextInputMethodSystem: Display: IME system now deactivated.
[2018.01.27-23.44.10:830][868]LogExit: Preparing to exit.
[2018.01.27-23.44.11:870][868]LogDirectoryWatcher: A directory notification for 'C:/Users/Treym/Desktop/GlobalGameJam/GlobalGameJam/ggj2018/Content/' was aborted.
[2018.01.27-23.44.11:898][868]LogExit: Editor shut down
[2018.01.27-23.44.11:902][868]LogExit: Transaction tracking system shut down
[2018.01.27-23.44.12:031][868]LogDirectoryWatcher: A directory notification for '../../../Engine/Content/' was aborted.
[2018.01.27-23.44.12:031][868]LogDirectoryWatcher: A directory notification for '../../../../../../Users/Treym/Desktop/GlobalGameJam/GlobalGameJam/ggj2018/Content/' was aborted.
[2018.01.27-23.44.12:031][868]LogDirectoryWatcher: A directory notification for '../../../Engine/Plugins/2D/Paper2D/Content/' was aborted.
[2018.01.27-23.44.12:031][868]LogDirectoryWatcher: A directory notification for '../../../Engine/Plugins/Media/MediaCompositing/Content/' was aborted.
[2018.01.27-23.44.12:031][868]LogDirectoryWatcher: A directory notification for '../../../Engine/Plugins/Runtime/AppleARKit/Content/' was aborted.
[2018.01.27-23.44.12:031][868]LogDirectoryWatcher: A directory notification for '../../../Engine/Plugins/Runtime/Oculus/OculusVR/Content/' was aborted.
[2018.01.27-23.44.12:031][868]LogDirectoryWatcher: A directory notification for '../../../Engine/Plugins/Runtime/Steam/SteamVR/Content/' was aborted.
[2018.01.27-23.44.12:120][868]LogExit: Object subsystem successfully closed.
[2018.01.27-23.44.12:137][868]LogD3D11RHI: Shutdown
[2018.01.27-23.44.12:137][868]LogD3D11RHI: CleanupD3DDevice
[2018.01.27-23.44.12:139][868]LogD3D11RHI: ~FD3D11DynamicRHI
[2018.01.27-23.44.12:158][868]LogModuleManager: Shutting down and abandoning module BlueprintGraph (556)
[2018.01.27-23.44.12:158][868]LogModuleManager: Shutting down and abandoning module MovieSceneCapture (554)
[2018.01.27-23.44.12:159][868]LogModuleManager: Shutting down and abandoning module HierarchicalLODOutliner (552)
[2018.01.27-23.44.12:159][868]LogModuleManager: Shutting down and abandoning module DesktopPlatform (550)
[2018.01.27-23.44.12:159][868]LogModuleManager: Shutting down and abandoning module SceneOutliner (548)
[2018.01.27-23.44.12:159][868]LogModuleManager: Shutting down and abandoning module AddContentDialog (546)
[2018.01.27-23.44.12:159][868]LogDirectoryWatcher: A directory notification for 'C:/Program Files/Epic Games/UE_4.18/FeaturePacks/' was aborted.
[2018.01.27-23.44.12:163][868]LogModuleManager: Shutting down and abandoning module WidgetCarousel (545)
[2018.01.27-23.44.12:163][868]LogModuleManager: Shutting down and abandoning module EditorWidgets (542)
[2018.01.27-23.44.12:163][868]LogModuleManager: Shutting down and abandoning module CollectionManager (540)
[2018.01.27-23.44.12:163][868]LogDirectoryWatcher: A directory notification for 'C:/Users/Treym/Desktop/GlobalGameJam/GlobalGameJam/ggj2018/Content/Collections/' was aborted.
[2018.01.27-23.44.12:163][868]LogDirectoryWatcher: A directory notification for 'C:/Users/Treym/Desktop/GlobalGameJam/GlobalGameJam/ggj2018/Content/Developers/Treym/Collections/' was aborted.
[2018.01.27-23.44.12:163][868]LogDirectoryWatcher: A directory notification for 'C:/Users/Treym/Desktop/GlobalGameJam/GlobalGameJam/ggj2018/Saved/Collections/' was aborted.
[2018.01.27-23.44.12:163][868]LogModuleManager: Shutting down and abandoning module HierarchicalLODUtilities (538)
[2018.01.27-23.44.12:163][868]LogModuleManager: Shutting down and abandoning module StatsViewer (536)
[2018.01.27-23.44.12:163][868]LogModuleManager: Shutting down and abandoning module FoliageEdit (534)
[2018.01.27-23.44.12:164][868]LogModuleManager: Shutting down and abandoning module LandscapeEditor (532)
[2018.01.27-23.44.12:164][868]LogModuleManager: Shutting down and abandoning module MeshPaintMode (530)
[2018.01.27-23.44.12:164][868]LogModuleManager: Shutting down and abandoning module SceneDepthPickerMode (528)
[2018.01.27-23.44.12:164][868]LogModuleManager: Shutting down and abandoning module ActorPickerMode (526)
[2018.01.27-23.44.12:164][868]LogModuleManager: Shutting down and abandoning module GeometryMode (524)
[2018.01.27-23.44.12:164][868]LogModuleManager: Shutting down and abandoning module TextureAlignMode (522)
[2018.01.27-23.44.12:164][868]LogModuleManager: Shutting down and abandoning module BspMode (520)
[2018.01.27-23.44.12:164][868]LogModuleManager: Shutting down and abandoning module PIEPreviewDeviceProfileSelector (518)
[2018.01.27-23.44.12:164][868]LogModuleManager: Shutting down and abandoning module HardwareSurvey (516)
[2018.01.27-23.44.12:164][868]LogModuleManager: Shutting down and abandoning module SequenceRecorderSections (514)
[2018.01.27-23.44.12:164][868]LogModuleManager: Shutting down and abandoning module AutomationWorker (512)
[2018.01.27-23.44.12:164][868]LogModuleManager: Shutting down and abandoning module MatineeToLevelSequence (510)
[2018.01.27-23.44.12:164][868]LogModuleManager: Shutting down and abandoning module LevelSequenceEditor (508)
[2018.01.27-23.44.12:164][868]LogModuleManager: Shutting down and abandoning module PlacementMode (507)
[2018.01.27-23.44.12:164][868]LogModuleManager: Shutting down and abandoning module WmfMediaFactory (504)
[2018.01.27-23.44.12:164][868]LogModuleManager: Shutting down and abandoning module WmfMediaEditor (502)
[2018.01.27-23.44.12:164][868]LogModuleManager: Shutting down and abandoning module OpenExrWrapper (500)
[2018.01.27-23.44.12:164][868]LogModuleManager: Shutting down and abandoning module ImgMediaFactory (498)
[2018.01.27-23.44.12:164][868]LogModuleManager: Shutting down and abandoning module ImgMediaEditor (496)
[2018.01.27-23.44.12:164][868]LogModuleManager: Shutting down and abandoning module AvfMediaFactory (494)
[2018.01.27-23.44.12:164][868]LogModuleManager: Shutting down and abandoning module AvfMediaEditor (492)
[2018.01.27-23.44.12:164][868]LogModuleManager: Shutting down and abandoning module AndroidMediaFactory (490)
[2018.01.27-23.44.12:164][868]LogModuleManager: Shutting down and abandoning module AndroidMediaEditor (488)
[2018.01.27-23.44.12:164][868]LogModuleManager: Shutting down and abandoning module CharacterAI (486)
[2018.01.27-23.44.12:164][868]LogModuleManager: Shutting down and abandoning module AudioCapture (484)
[2018.01.27-23.44.12:165][868]LogModuleManager: Shutting down and abandoning module SequenceRecorder (483)
[2018.01.27-23.44.12:165][868]LogModuleManager: Shutting down and abandoning module SmartSnapping (480)
[2018.01.27-23.44.12:165][868]LogModuleManager: Shutting down and abandoning module SessionServices (478)
[2018.01.27-23.44.12:165][868]LogModuleManager: Shutting down and abandoning module ViewportSnapping (476)
[2018.01.27-23.44.12:165][868]LogModuleManager: Shutting down and abandoning module ViewportInteraction (474)
[2018.01.27-23.44.12:165][868]LogModuleManager: Shutting down and abandoning module ClothPainter (472)
[2018.01.27-23.44.12:165][868]LogModuleManager: Shutting down and abandoning module SkeletalMeshEditor (471)
[2018.01.27-23.44.12:165][868]LogModuleManager: Shutting down and abandoning module LogVisualizer (468)
[2018.01.27-23.44.12:165][868]LogModuleManager: Shutting down and abandoning module IntroTutorials (466)
[2018.01.27-23.44.12:165][868]LogModuleManager: Shutting down and abandoning module GameProjectGeneration (465)
[2018.01.27-23.44.12:165][868]LogModuleManager: Shutting down and abandoning module IOSPlatformEditor (462)
[2018.01.27-23.44.12:165][868]LogModuleManager: Shutting down and abandoning module HTML5PlatformEditor (460)
[2018.01.27-23.44.12:165][868]LogModuleManager: Shutting down and abandoning module AndroidPlatformEditor (458)
[2018.01.27-23.44.12:165][868]LogModuleManager: Shutting down and abandoning module AndroidDeviceDetection (457)
[2018.01.27-23.44.12:486][868]LogModuleManager: Shutting down and abandoning module WindowsPlatformEditor (454)
[2018.01.27-23.44.12:486][868]LogModuleManager: Shutting down and abandoning module IOSRuntimeSettings (452)
[2018.01.27-23.44.12:486][868]LogModuleManager: Shutting down and abandoning module AndroidRuntimeSettings (450)
[2018.01.27-23.44.12:486][868]LogModuleManager: Shutting down and abandoning module InputBindingEditor (448)
[2018.01.27-23.44.12:486][868]LogModuleManager: Shutting down and abandoning module MergeActors (446)
[2018.01.27-23.44.12:486][868]LogModuleManager: Shutting down and abandoning module SizeMap (444)
[2018.01.27-23.44.12:486][868]LogModuleManager: Shutting down and abandoning module TreeMap (442)
[2018.01.27-23.44.12:486][868]LogModuleManager: Shutting down and abandoning module ReferenceViewer (440)
[2018.01.27-23.44.12:486][868]LogModuleManager: Shutting down and abandoning module LocalizationDashboard (438)
[2018.01.27-23.44.12:486][868]LogModuleManager: Shutting down and abandoning module LocalizationService (437)
[2018.01.27-23.44.12:486][868]LogModuleManager: Shutting down and abandoning module HardwareTargeting (434)
[2018.01.27-23.44.12:486][868]LogModuleManager: Shutting down and abandoning module DeviceProfileEditor (432)
[2018.01.27-23.44.12:486][868]LogModuleManager: Shutting down and abandoning module UndoHistory (430)
[2018.01.27-23.44.12:486][868]LogModuleManager: Shutting down and abandoning module XmlParser (428)
[2018.01.27-23.44.12:486][868]LogModuleManager: Shutting down and abandoning module Blutility (426)
[2018.01.27-23.44.12:486][868]LogModuleManager: Shutting down and abandoning module ProjectSettingsViewer (424)
[2018.01.27-23.44.12:486][868]LogModuleManager: Shutting down and abandoning module ProjectTargetPlatformEditor (423)
[2018.01.27-23.44.12:486][868]LogModuleManager: Shutting down and abandoning module EditorSettingsViewer (420)
[2018.01.27-23.44.12:486][868]LogModuleManager: Shutting down and abandoning module SettingsEditor (418)
[2018.01.27-23.44.12:486][868]LogModuleManager: Shutting down and abandoning module ProjectLauncher (416)
[2018.01.27-23.44.12:486][868]LogModuleManager: Shutting down and abandoning module SessionFrontend (414)
[2018.01.27-23.44.12:486][868]LogModuleManager: Shutting down and abandoning module ProfilerClient (412)
[2018.01.27-23.44.12:486][868]LogModuleManager: Shutting down and abandoning module DeviceManager (410)
[2018.01.27-23.44.12:486][868]LogModuleManager: Shutting down and abandoning module TargetDeviceServices (409)
[2018.01.27-23.44.12:540][868]LogModuleManager: Shutting down and abandoning module AutomationController (406)
[2018.01.27-23.44.12:540][868]LogModuleManager: Shutting down and abandoning module AutomationWindow (404)
[2018.01.27-23.44.12:540][868]LogModuleManager: Shutting down and abandoning module Layers (402)
[2018.01.27-23.44.12:540][868]LogModuleManager: Shutting down and abandoning module ComponentVisualizers (400)
[2018.01.27-23.44.12:540][868]LogModuleManager: Shutting down and abandoning module DetailCustomizations (398)
[2018.01.27-23.44.12:540][868]LogModuleManager: Shutting down and abandoning module PackagesDialog (396)
[2018.01.27-23.44.12:541][868]LogModuleManager: Shutting down and abandoning module Persona (394)
[2018.01.27-23.44.12:541][868]LogModuleManager: Shutting down and abandoning module AdvancedPreviewScene (393)
[2018.01.27-23.44.12:541][868]LogModuleManager: Shutting down and abandoning module AnimGraph (391)
[2018.01.27-23.44.12:541][868]LogModuleManager: Shutting down and abandoning module Kismet (388)
[2018.01.27-23.44.12:548][868]LogModuleManager: Shutting down and abandoning module ClassViewer (386)
[2018.01.27-23.44.12:548][868]LogModuleManager: Shutting down and abandoning module Toolbox (384)
[2018.01.27-23.44.12:548][868]LogModuleManager: Shutting down and abandoning module ModuleUI (382)
[2018.01.27-23.44.12:548][868]LogModuleManager: Shutting down and abandoning module MovieSceneTools (380)
[2018.01.27-23.44.12:548][868]LogModuleManager: Shutting down and abandoning module OutputLog (378)
[2018.01.27-23.44.12:548][868]LogModuleManager: Shutting down and abandoning module GammaUI (376)
[2018.01.27-23.44.12:548][868]LogModuleManager: Shutting down and abandoning module Documentation (374)
[2018.01.27-23.44.12:548][868]LogModuleManager: Shutting down and abandoning module MovieSceneTracks (372)
[2018.01.27-23.44.12:548][868]LogModuleManager: Shutting down and abandoning module MovieScene (370)
[2018.01.27-23.44.12:548][868]LogModuleManager: Shutting down and abandoning module StreamingPauseRendering (368)
[2018.01.27-23.44.12:548][868]LogModuleManager: Shutting down and abandoning module LauncherPlatform (366)
[2018.01.27-23.44.12:548][868]LogModuleManager: Shutting down and abandoning module AnalyticsET (364)
[2018.01.27-23.44.12:548][868]LogModuleManager: Shutting down and abandoning module PortalServices (362)
[2018.01.27-23.44.12:548][868]LogModuleManager: Shutting down and abandoning module PortalRpc (360)
[2018.01.27-23.44.12:548][868]LogModuleManager: Shutting down and abandoning module MessagingRpc (358)
[2018.01.27-23.44.12:548][868]LogModuleManager: Shutting down and abandoning module AIModule (356)
[2018.01.27-23.44.12:548][868]LogModuleManager: Shutting down and abandoning module GameplayDebugger (355)
[2018.01.27-23.44.12:549][868]LogModuleManager: Shutting down and abandoning module AITestSuite (353)
[2018.01.27-23.44.12:549][868]LogModuleManager: Shutting down and abandoning module ProfilerService (350)
[2018.01.27-23.44.12:659][868]LogModuleManager: Shutting down and abandoning module TaskGraph (348)
[2018.01.27-23.44.12:659][868]LogModuleManager: Shutting down and abandoning module SteamVRController (346)
[2018.01.27-23.44.12:659][868]LogModuleManager: Shutting down and abandoning module ProceduralMeshComponentEditor (344)
[2018.01.27-23.44.12:659][868]LogModuleManager: Shutting down and abandoning module ProceduralMeshComponent (342)
[2018.01.27-23.44.12:659][868]LogModuleManager: Shutting down and abandoning module OculusInput (340)
[2018.01.27-23.44.12:659][868]LogModuleManager: Shutting down and abandoning module MobilePatchingUtils (338)
[2018.01.27-23.44.12:659][868]LogModuleManager: Shutting down and abandoning module CustomMeshComponent (336)
[2018.01.27-23.44.12:659][868]LogModuleManager: Shutting down and abandoning module CableComponent (334)
[2018.01.27-23.44.12:659][868]LogModuleManager: Shutting down and abandoning module ArchVisCharacter (332)
[2018.01.27-23.44.12:659][868]LogModuleManager: Shutting down and abandoning module AndroidPermission (330)
[2018.01.27-23.44.12:659][868]LogModuleManager: Shutting down and abandoning module ActorSequence (326)
[2018.01.27-23.44.12:659][868]LogModuleManager: Shutting down and abandoning module MediaPlayerEditor (324)
[2018.01.27-23.44.12:659][868]LogModuleManager: Shutting down and abandoning module MediaCompositingEditor (322)
[2018.01.27-23.44.12:659][868]LogModuleManager: Shutting down and abandoning module MediaCompositing (320)
[2018.01.27-23.44.12:659][868]LogModuleManager: Shutting down and abandoning module HTML5Networking (318)
[2018.01.27-23.44.12:660][868]LogModuleManager: Shutting down and abandoning module AlembicImporter (316)
[2018.01.27-23.44.12:660][868]LogModuleManager: Shutting down and abandoning module AlembicLibrary (315)
[2018.01.27-23.44.12:660][868]LogModuleManager: Shutting down and abandoning module GeometryCache (314)
[2018.01.27-23.44.12:660][868]LogModuleManager: Shutting down and abandoning module GeometryCacheEd (313)
[2018.01.27-23.44.12:660][868]LogModuleManager: Shutting down and abandoning module SpeedTreeImporter (308)
[2018.01.27-23.44.12:660][868]LogModuleManager: Shutting down and abandoning module PluginBrowser (306)
[2018.01.27-23.44.12:660][868]LogModuleManager: Shutting down and abandoning module MobileLauncherProfileWizard (304)
[2018.01.27-23.44.12:660][868]LogModuleManager: Shutting down and abandoning module VisualStudioSourceCodeAccess (302)
[2018.01.27-23.44.12:660][868]LogModuleManager: Shutting down and abandoning module VisualStudioCodeSourceCodeAccess (300)
[2018.01.27-23.44.12:660][868]LogModuleManager: Shutting down and abandoning module UObjectPlugin (298)
[2018.01.27-23.44.12:660][868]LogModuleManager: Shutting down and abandoning module SubversionSourceControl (296)
[2018.01.27-23.44.12:660][868]LogModuleManager: Shutting down and abandoning module PerforceSourceControl (294)
[2018.01.27-23.44.12:660][868]LogModuleManager: Shutting down and abandoning module GitSourceControl (292)
[2018.01.27-23.44.12:660][868]LogModuleManager: Shutting down and abandoning module SourceControl (291)
[2018.01.27-23.44.12:660][868]LogModuleManager: Shutting down and abandoning module LightPropagationVolumeEditor (288)
[2018.01.27-23.44.12:660][868]LogModuleManager: Shutting down and abandoning module PaperTiledImporter (286)
[2018.01.27-23.44.12:660][868]LogModuleManager: Shutting down and abandoning module PaperSpriteSheetImporter (284)
[2018.01.27-23.44.12:660][868]LogModuleManager: Shutting down and abandoning module Paper2DEditor (282)
[2018.01.27-23.44.12:660][868]LogModuleManager: Shutting down and abandoning module MeshPaint (281)
[2018.01.27-23.44.12:660][868]LogModuleManager: Shutting down and abandoning module LevelEditor (279)
[2018.01.27-23.44.12:661][868]LogModuleManager: Shutting down and abandoning module PixelInspectorModule (278)
[2018.01.27-23.44.12:661][868]LogModuleManager: Shutting down and abandoning module MainFrame (276)
[2018.01.27-23.44.12:661][868]LogModuleManager: Shutting down and abandoning module HotReload (275)
[2018.01.27-23.44.12:661][868]LogDirectoryWatcher: A directory notification for 'C:/Users/Treym/Desktop/GlobalGameJam/GlobalGameJam/ggj2018/Binaries/Win64' was aborted.
[2018.01.27-23.44.12:662][868]LogModuleManager: Shutting down and abandoning module ggj2018 (270)
[2018.01.27-23.44.12:662][868]LogModuleManager: Shutting down and abandoning module RuntimePhysXCooking (268)
[2018.01.27-23.44.12:662][868]LogModuleManager: Shutting down and abandoning module PhysXVehiclesEditor (266)
[2018.01.27-23.44.12:662][868]LogModuleManager: Shutting down and abandoning module PhysXVehicles (264)
[2018.01.27-23.44.12:662][868]LogModuleManager: Shutting down and abandoning module OculusEditor (262)
[2018.01.27-23.44.12:662][868]LogModuleManager: Shutting down and abandoning module LocationServicesBPLibrary (260)
[2018.01.27-23.44.12:662][868]LogModuleManager: Shutting down and abandoning module ImmediatePhysicsEditor (258)
[2018.01.27-23.44.12:662][868]LogModuleManager: Shutting down and abandoning module ImmediatePhysics (256)
[2018.01.27-23.44.12:662][868]LogModuleManager: Shutting down and abandoning module UdpMessaging (254)
[2018.01.27-23.44.12:763][868]LogModuleManager: Shutting down and abandoning module TcpMessaging (252)
[2018.01.27-23.44.12:863][868]LogModuleManager: Shutting down and abandoning module GameplayTagsEditor (250)
[2018.01.27-23.44.12:863][868]LogModuleManager: Shutting down and abandoning module FacialAnimationEditor (248)
[2018.01.27-23.44.12:863][868]LogModuleManager: Shutting down and abandoning module FacialAnimation (246)
[2018.01.27-23.44.12:863][868]LogModuleManager: Shutting down and abandoning module AssetManagerEditor (244)
[2018.01.27-23.44.12:863][868]LogModuleManager: Shutting down and abandoning module GraphEditor (243)
[2018.01.27-23.44.12:864][868]LogModuleManager: Shutting down and abandoning module ContentBrowser (241)
[2018.01.27-23.44.12:865][868]LogModuleManager: Shutting down and abandoning module LightPropagationVolumeRuntime (238)
[2018.01.27-23.44.12:865][868]LogModuleManager: Shutting down and abandoning module Paper2D (236)
[2018.01.27-23.44.12:865][868]LogModuleManager: Shutting down and abandoning module WindowsMoviePlayer (234)
[2018.01.27-23.44.12:865][868]LogModuleManager: Shutting down and abandoning module WmfMedia (232)
[2018.01.27-23.44.12:868][868]LogModuleManager: Shutting down and abandoning module ImgMedia (230)
[2018.01.27-23.44.12:868][868]LogModuleManager: Shutting down and abandoning module PacketHandler (228)
[2018.01.27-23.44.12:868][868]LogModuleManager: Shutting down and abandoning module ClothingSystemEditor (226)
[2018.01.27-23.44.12:868][868]LogModuleManager: Shutting down and abandoning module ClothingSystemRuntime (224)
[2018.01.27-23.44.12:868][868]LogModuleManager: Shutting down and abandoning module MediaAssets (222)
[2018.01.27-23.44.12:868][868]LogModuleManager: Shutting down and abandoning module Media (221)
[2018.01.27-23.44.12:874][868]LogModuleManager: Shutting down and abandoning module Overlay (218)
[2018.01.27-23.44.12:874][868]LogModuleManager: Shutting down and abandoning module OverlayEditor (217)
[2018.01.27-23.44.12:874][868]LogModuleManager: Shutting down and abandoning module VREditor (214)
[2018.01.27-23.44.12:874][868]LogModuleManager: Shutting down and abandoning module StringTableEditor (212)
[2018.01.27-23.44.12:874][868]LogModuleManager: Shutting down and abandoning module GameplayTasksEditor (210)
[2018.01.27-23.44.12:874][868]LogModuleManager: Shutting down and abandoning module BehaviorTreeEditor (208)
[2018.01.27-23.44.12:874][868]LogModuleManager: Shutting down and abandoning module FunctionalTesting (206)
[2018.01.27-23.44.12:874][868]LogModuleManager: Shutting down and abandoning module CollisionAnalyzer (204)
[2018.01.27-23.44.12:874][868]LogModuleManager: Shutting down and abandoning module WorkspaceMenuStructure (203)
[2018.01.27-23.44.12:874][868]LogModuleManager: Shutting down and abandoning module UMG (200)
[2018.01.27-23.44.12:874][868]LogModuleManager: Shutting down and abandoning module UMGEditor (199)
[2018.01.27-23.44.12:874][868]LogModuleManager: Shutting down and abandoning module Sequencer (198)
[2018.01.27-23.44.12:874][868]LogModuleManager: Shutting down and abandoning module MessageLog (195)
[2018.01.27-23.44.12:874][868]LogModuleManager: Shutting down and abandoning module SlateReflector (190)
[2018.01.27-23.44.12:874][868]LogModuleManager: Shutting down and abandoning module Slate (188)
[2018.01.27-23.44.12:874][868]LogModuleManager: Shutting down and abandoning module EditorStyle (186)
[2018.01.27-23.44.12:876][868]LogModuleManager: Shutting down and abandoning module MRMesh (184)
[2018.01.27-23.44.12:876][868]LogModuleManager: Shutting down and abandoning module SourceCodeAccess (182)
[2018.01.27-23.44.12:876][868]LogModuleManager: Shutting down and abandoning module HeadMountedDisplay (180)
[2018.01.27-23.44.12:876][868]LogModuleManager: Shutting down and abandoning module XAudio2 (178)
[2018.01.27-23.44.12:876][868]LogModuleManager: Shutting down and abandoning module Networking (176)
[2018.01.27-23.44.12:876][868]LogModuleManager: Shutting down and abandoning module Core (172)
[2018.01.27-23.44.12:876][868]LogModuleManager: Shutting down and abandoning module LevelSequence (168)
[2018.01.27-23.44.12:877][868]LogModuleManager: Shutting down and abandoning module DirectoryWatcher (166)
[2018.01.27-23.44.12:877][868]LogModuleManager: Shutting down and abandoning module KismetCompiler (164)
[2018.01.27-23.44.12:877][868]LogModuleManager: Shutting down and abandoning module MeshUtilities (162)
[2018.01.27-23.44.12:877][868]LogModuleManager: Shutting down and abandoning module MeshMergeUtilities (161)
[2018.01.27-23.44.12:877][868]LogModuleManager: Shutting down and abandoning module MeshReductionInterface (160)
[2018.01.27-23.44.12:877][868]LogModuleManager: Shutting down and abandoning module SimplygonSwarm (159)
[2018.01.27-23.44.12:877][868]LogModuleManager: Shutting down and abandoning module SimplygonMeshReduction (157)
[2018.01.27-23.44.12:877][868]LogModuleManager: Shutting down and abandoning module QuadricMeshReduction (155)
[2018.01.27-23.44.12:878][868]LogModuleManager: Shutting down and abandoning module MaterialBaking (151)
[2018.01.27-23.44.12:878][868]LogModuleManager: Shutting down and abandoning module DerivedDataCache (148)
[2018.01.27-23.44.12:901][868]LogDerivedDataCache: Shutdown
[2018.01.27-23.44.12:901][868]LogModuleManager: Shutting down and abandoning module TargetPlatform (146)
[2018.01.27-23.44.12:901][868]LogModuleManager: Shutting down and abandoning module VulkanShaderFormat (145)
[2018.01.27-23.44.12:901][868]LogModuleManager: Shutting down and abandoning module ShaderFormatVectorVM (143)
[2018.01.27-23.44.12:901][868]LogModuleManager: Shutting down and abandoning module ShaderFormatOpenGL (141)
[2018.01.27-23.44.12:901][868]LogModuleManager: Shutting down and abandoning module ShaderFormatD3D (139)
[2018.01.27-23.44.12:901][868]LogModuleManager: Shutting down and abandoning module MetalShaderFormat (137)
[2018.01.27-23.44.12:901][868]LogModuleManager: Shutting down and abandoning module TextureFormatUncompressed (135)
[2018.01.27-23.44.12:901][868]LogModuleManager: Shutting down and abandoning module TextureFormatPVR (133)
[2018.01.27-23.44.12:901][868]LogModuleManager: Shutting down and abandoning module TextureFormatDXT (131)
[2018.01.27-23.44.12:901][868]LogModuleManager: Shutting down and abandoning module TextureFormatIntelISPCTexComp (129)
[2018.01.27-23.44.12:901][868]LogModuleManager: Shutting down and abandoning module TextureFormatASTC (127)
[2018.01.27-23.44.12:901][868]LogModuleManager: Shutting down and abandoning module ImageWrapper (126)
[2018.01.27-23.44.12:901][868]LogModuleManager: Shutting down and abandoning module TextureFormatAndroid (123)
[2018.01.27-23.44.12:901][868]LogModuleManager: Shutting down and abandoning module AudioFormatOpus (121)
[2018.01.27-23.44.12:901][868]LogModuleManager: Shutting down and abandoning module AudioFormatOgg (119)
[2018.01.27-23.44.12:901][868]LogModuleManager: Shutting down and abandoning module AudioFormatADPCM (117)
[2018.01.27-23.44.12:901][868]LogModuleManager: Shutting down and abandoning module LinuxTargetPlatform (115)
[2018.01.27-23.44.12:902][868]LogModuleManager: Shutting down and abandoning module LinuxServerTargetPlatform (113)
[2018.01.27-23.44.12:902][868]LogModuleManager: Shutting down and abandoning module LinuxNoEditorTargetPlatform (111)
[2018.01.27-23.44.12:902][868]LogModuleManager: Shutting down and abandoning module LinuxClientTargetPlatform (109)
[2018.01.27-23.44.12:902][868]LogModuleManager: Shutting down and abandoning module TVOSTargetPlatform (107)
[2018.01.27-23.44.12:902][868]LogModuleManager: Shutting down and abandoning module Messaging (105)
[2018.01.27-23.44.12:902][868]LogModuleManager: Shutting down and abandoning module IOSTargetPlatform (103)
[2018.01.27-23.44.12:902][868]LogModuleManager: Shutting down and abandoning module HTML5TargetPlatform (101)
[2018.01.27-23.44.12:902][868]LogModuleManager: Shutting down and abandoning module AndroidTargetPlatform (99)
[2018.01.27-23.44.12:902][868]LogModuleManager: Shutting down and abandoning module Android_PVRTCTargetPlatform (97)
[2018.01.27-23.44.12:902][868]LogModuleManager: Shutting down and abandoning module Android_MultiTargetPlatform (95)
[2018.01.27-23.44.12:902][868]LogModuleManager: Shutting down and abandoning module Android_ETC2TargetPlatform (93)
[2018.01.27-23.44.12:902][868]LogModuleManager: Shutting down and abandoning module Android_ETC1TargetPlatform (91)
[2018.01.27-23.44.12:902][868]LogModuleManager: Shutting down and abandoning module Android_DXTTargetPlatform (89)
[2018.01.27-23.44.12:902][868]LogModuleManager: Shutting down and abandoning module Android_ATCTargetPlatform (87)
[2018.01.27-23.44.12:902][868]LogModuleManager: Shutting down and abandoning module Android_ASTCTargetPlatform (85)
[2018.01.27-23.44.12:902][868]LogModuleManager: Shutting down and abandoning module WindowsTargetPlatform (83)
[2018.01.27-23.44.12:902][868]LogModuleManager: Shutting down and abandoning module WindowsServerTargetPlatform (81)
[2018.01.27-23.44.12:902][868]LogModuleManager: Shutting down and abandoning module WindowsNoEditorTargetPlatform (79)
[2018.01.27-23.44.12:902][868]LogModuleManager: Shutting down and abandoning module WindowsClientTargetPlatform (77)
[2018.01.27-23.44.12:902][868]LogModuleManager: Shutting down and abandoning module MacTargetPlatform (75)
[2018.01.27-23.44.12:902][868]LogModuleManager: Shutting down and abandoning module MacServerTargetPlatform (73)
[2018.01.27-23.44.12:902][868]LogModuleManager: Shutting down and abandoning module MacNoEditorTargetPlatform (71)
[2018.01.27-23.44.12:903][868]LogModuleManager: Shutting down and abandoning module MacClientTargetPlatform (69)
[2018.01.27-23.44.12:903][868]LogModuleManager: Shutting down and abandoning module AllDesktopTargetPlatform (67)
[2018.01.27-23.44.12:903][868]LogModuleManager: Shutting down and abandoning module InputCore (64)
[2018.01.27-23.44.12:903][868]LogModuleManager: Shutting down and abandoning module Settings (62)
[2018.01.27-23.44.12:903][868]LogModuleManager: Shutting down and abandoning module PhysXCooking (60)
[2018.01.27-23.44.12:903][868]LogModuleManager: Shutting down and abandoning module SteamVR (58)
[2018.01.27-23.44.12:903][868]LogModuleManager: Shutting down and abandoning module OculusHMD (56)
[2018.01.27-23.44.12:903][868]LogModuleManager: Shutting down and abandoning module ExampleDeviceProfileSelector (54)
[2018.01.27-23.44.12:903][868]LogModuleManager: Shutting down and abandoning module AppleARKit (52)
[2018.01.27-23.44.12:903][868]LogModuleManager: Shutting down and abandoning module AugmentedReality (51)
[2018.01.27-23.44.12:903][868]LogModuleManager: Shutting down and abandoning module OnlineBlueprintSupport (48)
[2018.01.27-23.44.12:903][868]LogModuleManager: Shutting down and abandoning module OnlineSubsystem (44)
[2018.01.27-23.44.12:903][868]LogModuleManager: Shutting down and abandoning module XMPP (43)
[2018.01.27-23.44.12:903][868]LogModuleManager: Shutting down and abandoning module HTTP (41)
[2018.01.27-23.44.12:903][868]LogHttp: Display: Http module shutting down, but needs to wait on 1 outstanding Http requests:
[2018.01.27-23.44.12:903][868]LogHttp: Display: 	verb=[POST] url=[https://datarouter.ol.epicgames.com/datarouter/api/v1/public/data?SessionID=%7B31519E74-49C8-4123-B113-82B5CF38D224%7D&AppID=UEEditor.Rocket.Release&AppVersion=4.18.3-3832480%2B%2B%2BUE4%2BRelease-4.18&UserID=bd3320cb45b57486d7a0d2a02f576e0d%7C08ec85b453944d8e86d6651d1fcb8040%7C5b7f909b-f924-4439-b929-2ff472a0c63b&AppEnvironment=datacollector-binary&UploadType=eteventstream] status=Processing
[2018.01.27-23.44.12:933][868]LogModuleManager: Shutting down and abandoning module SSL (40)
[2018.01.27-23.44.12:934][868]LogModuleManager: Shutting down and abandoning module AnimationModifiers (36)
[2018.01.27-23.44.12:934][868]LogModuleManager: Shutting down and abandoning module PropertyEditor (35)
[2018.01.27-23.44.12:935][868]LogModuleManager: Shutting down and abandoning module AudioEditor (32)
[2018.01.27-23.44.12:935][868]LogModuleManager: Shutting down and abandoning module TextureCompressor (30)
[2018.01.27-23.44.12:935][868]LogModuleManager: Shutting down and abandoning module ShaderCore (28)
[2018.01.27-23.44.12:935][868]LogModuleManager: Shutting down and abandoning module Landscape (26)
[2018.01.27-23.44.12:935][868]LogModuleManager: Shutting down and abandoning module SlateRHIRenderer (24)
[2018.01.27-23.44.12:936][868]LogModuleManager: Shutting down and abandoning module OpenGLDrv (22)
[2018.01.27-23.44.12:936][868]LogModuleManager: Shutting down and abandoning module D3D11RHI (20)
[2018.01.27-23.44.12:936][868]LogModuleManager: Shutting down and abandoning module AnimGraphRuntime (18)
[2018.01.27-23.44.12:936][868]LogModuleManager: Shutting down and abandoning module Renderer (16)
[2018.01.27-23.44.12:936][868]LogModuleManager: Shutting down and abandoning module Engine (14)
[2018.01.27-23.44.12:936][868]LogModuleManager: Shutting down and abandoning module CoreUObject (12)
[2018.01.27-23.44.12:936][868]LogModuleManager: Shutting down and abandoning module NetworkFile (10)
[2018.01.27-23.44.12:936][868]LogModuleManager: Shutting down and abandoning module CookedIterativeFile (8)
[2018.01.27-23.44.12:936][868]LogModuleManager: Shutting down and abandoning module StreamingFile (6)
[2018.01.27-23.44.12:936][868]LogModuleManager: Shutting down and abandoning module SandboxFile (4)
[2018.01.27-23.44.12:936][868]LogModuleManager: Shutting down and abandoning module PakFile (2)
[2018.01.27-23.44.12:940][868]LogExit: Exiting.
[2018.01.27-23.44.12:958][868]Log file closed, 01/27/18 15:44:12
