Log file open, 01/27/18 06:53:28
LogWindows: Failed to load 'aqProf.dll' (GetLastError=126)
LogWindows: File 'aqProf.dll' does not exist
LogWindows: Failed to load 'VtuneApi.dll' (GetLastError=126)
LogWindows: File 'VtuneApi.dll' does not exist
LogWindows: Failed to load 'VtuneApi32e.dll' (GetLastError=126)
LogWindows: File 'VtuneApi32e.dll' does not exist
LogInit: Display: Running engine for game: ggj2018
LogPlatformFile: Not using cached read wrapper
LogInit: Display: RandInit(-88196156) SRandInit(-88196156).
LogInit: Read version file with build ID '3709383'
LogInit: Overriding engine version to CL 3832480, compatible CL 3709383
LogInit: Registered custom module enumerator with build ID '3709383'
LogTaskGraph: Started task graph with 5 named threads and 14 total threads with 3 sets of task threads.
LogStats: Stats thread started at 0.175576
LogD3D11RHI: Aftermath initialized
LogPluginManager: Mounting plugin Paper2D
LogPluginManager: Mounting plugin LightPropagationVolume
LogPluginManager: Mounting plugin CodeLiteSourceCodeAccess
LogPluginManager: Mounting plugin GitSourceControl
LogPluginManager: Mounting plugin KDevelopSourceCodeAccess
LogPluginManager: Mounting plugin NullSourceCodeAccess
LogPluginManager: Mounting plugin PerforceSourceControl
LogPluginManager: Mounting plugin SubversionSourceControl
LogPluginManager: Mounting plugin UObjectPlugin
LogPluginManager: Mounting plugin VisualStudioCodeSourceCodeAccess
LogPluginManager: Mounting plugin VisualStudioSourceCodeAccess
LogPluginManager: Mounting plugin XCodeSourceCodeAccess
LogPluginManager: Mounting plugin AssetManagerEditor
LogPluginManager: Mounting plugin AudioCapture
LogPluginManager: Mounting plugin FacialAnimation
LogPluginManager: Mounting plugin GameplayTagsEditor
LogPluginManager: Mounting plugin MobileLauncherProfileWizard
LogPluginManager: Mounting plugin PluginBrowser
LogPluginManager: Mounting plugin SpeedTreeImporter
LogPluginManager: Mounting plugin AlembicImporter
LogPluginManager: Mounting plugin CharacterAI
LogPluginManager: Mounting plugin HTML5Networking
LogPluginManager: Mounting plugin AndroidMedia
LogPluginManager: Mounting plugin AvfMedia
LogPluginManager: Mounting plugin ImgMedia
LogPluginManager: Mounting plugin MediaCompositing
LogPluginManager: Mounting plugin MediaPlayerEditor
LogPluginManager: Mounting plugin WmfMedia
LogPluginManager: Mounting plugin TcpMessaging
LogPluginManager: Mounting plugin UdpMessaging
LogPluginManager: Mounting plugin ActorSequence
LogPluginManager: Mounting plugin LevelSequenceEditor
LogPluginManager: Mounting plugin MatineeToLevelSequence
LogPluginManager: Mounting plugin OnlineSubsystemGooglePlay
LogPluginManager: Mounting plugin OnlineSubsystemIOS
LogPluginManager: Mounting plugin OnlineSubsystem
LogPluginManager: Mounting plugin OnlineSubsystemNull
LogPluginManager: Mounting plugin OnlineSubsystemUtils
LogPluginManager: Mounting plugin AndroidDeviceProfileSelector
LogPluginManager: Mounting plugin AndroidMoviePlayer
LogPluginManager: Mounting plugin AndroidPermission
LogPluginManager: Mounting plugin AppleARKit
LogPluginManager: Mounting plugin AppleMoviePlayer
LogPluginManager: Mounting plugin ArchVisCharacter
LogPluginManager: Mounting plugin CableComponent
LogPluginManager: Mounting plugin CustomMeshComponent
LogPluginManager: Mounting plugin ExampleDeviceProfileSelector
LogPluginManager: Mounting plugin GoogleCloudMessaging
LogPluginManager: Mounting plugin ImmediatePhysics
LogPluginManager: Mounting plugin IOSDeviceProfileSelector
LogPluginManager: Mounting plugin LinuxDeviceProfileSelector
LogPluginManager: Mounting plugin LocationServicesBPLibrary
LogPluginManager: Mounting plugin MobilePatchingUtils
LogPluginManager: Mounting plugin OculusVR
LogPluginManager: Plugin shader directory ../../../Engine/Plugins/Runtime/Oculus/OculusVR/Shaders found
LogPluginManager: Mapping shader source directory ../../../Engine/Plugins/Runtime/Oculus/OculusVR/Shaders to virtual directory /Plugin/OculusVR
LogPluginManager: Mounting plugin PhysXVehicles
LogPluginManager: Mounting plugin ProceduralMeshComponent
LogPluginManager: Mounting plugin RuntimePhysXCooking
LogPluginManager: Mounting plugin SteamVR
LogPluginManager: Mounting plugin WindowsMoviePlayer
LogModuleManager: Display: Found up-to-date module file ../../../../../../Users/Treym/Desktop/GlobalGameJam/GlobalGameJam/ggj2018/Binaries/Win64/UE4Editor-ggj2018.dll (API version 3709383).
LogModuleManager: Display: Found up-to-date module file ../../../Engine/Plugins/2D/Paper2D/Binaries/Win64/UE4Editor-Paper2D.dll (API version 3709383).
LogModuleManager: Display: Found up-to-date module file ../../../Engine/Plugins/2D/Paper2D/Binaries/Win64/UE4Editor-Paper2DEditor.dll (API version 3709383).
LogModuleManager: Display: Found up-to-date module file ../../../Engine/Plugins/2D/Paper2D/Binaries/Win64/UE4Editor-PaperSpriteSheetImporter.dll (API version 3709383).
LogModuleManager: Display: Found up-to-date module file ../../../Engine/Plugins/2D/Paper2D/Binaries/Win64/UE4Editor-PaperTiledImporter.dll (API version 3709383).
LogModuleManager: Display: Found up-to-date module file ../../../Engine/Plugins/2D/Paper2D/Binaries/Win64/UE4Editor-SmartSnapping.dll (API version 3709383).
LogModuleManager: Display: Found up-to-date module file ../../../Engine/Plugins/Blendables/LightPropagationVolume/Binaries/Win64/UE4Editor-LightPropagationVolumeRuntime.dll (API version 3709383).
LogModuleManager: Display: Found up-to-date module file ../../../Engine/Plugins/Blendables/LightPropagationVolume/Binaries/Win64/UE4Editor-LightPropagationVolumeEditor.dll (API version 3709383).
LogModuleManager: Display: Found up-to-date module file ../../../Engine/Plugins/Developer/GitSourceControl/Binaries/Win64/UE4Editor-GitSourceControl.dll (API version 3709383).
LogModuleManager: Display: Found up-to-date module file ../../../Engine/Plugins/Developer/PerforceSourceControl/Binaries/Win64/UE4Editor-PerforceSourceControl.dll (API version 3709383).
LogModuleManager: Display: Found up-to-date module file ../../../Engine/Plugins/Developer/SubversionSourceControl/Binaries/Win64/UE4Editor-SubversionSourceControl.dll (API version 3709383).
LogModuleManager: Display: Found up-to-date module file ../../../Engine/Plugins/Developer/UObjectPlugin/Binaries/Win64/UE4Editor-UObjectPlugin.dll (API version 3709383).
LogModuleManager: Display: Found up-to-date module file ../../../Engine/Plugins/Developer/VisualStudioCodeSourceCodeAccess/Binaries/Win64/UE4Editor-VisualStudioCodeSourceCodeAccess.dll (API version 3709383).
LogModuleManager: Display: Found up-to-date module file ../../../Engine/Plugins/Developer/VisualStudioSourceCodeAccess/Binaries/Win64/UE4Editor-VisualStudioSourceCodeAccess.dll (API version 3709383).
LogModuleManager: Display: Found up-to-date module file ../../../Engine/Plugins/Editor/AssetManagerEditor/Binaries/Win64/UE4Editor-AssetManagerEditor.dll (API version 3709383).
LogModuleManager: Display: Found up-to-date module file ../../../Engine/Plugins/Editor/AudioCapture/Binaries/Win64/UE4Editor-AudioCapture.dll (API version 3709383).
LogModuleManager: Display: Found up-to-date module file ../../../Engine/Plugins/Editor/FacialAnimation/Binaries/Win64/UE4Editor-FacialAnimation.dll (API version 3709383).
LogModuleManager: Display: Found up-to-date module file ../../../Engine/Plugins/Editor/FacialAnimation/Binaries/Win64/UE4Editor-FacialAnimationEditor.dll (API version 3709383).
LogModuleManager: Display: Found up-to-date module file ../../../Engine/Plugins/Editor/GameplayTagsEditor/Binaries/Win64/UE4Editor-GameplayTagsEditor.dll (API version 3709383).
LogModuleManager: Display: Found up-to-date module file ../../../Engine/Plugins/Editor/MobileLauncherProfileWizard/Binaries/Win64/UE4Editor-MobileLauncherProfileWizard.dll (API version 3709383).
LogModuleManager: Display: Found up-to-date module file ../../../Engine/Plugins/Editor/PluginBrowser/Binaries/Win64/UE4Editor-PluginBrowser.dll (API version 3709383).
LogModuleManager: Display: Found up-to-date module file ../../../Engine/Plugins/Editor/SpeedTreeImporter/Binaries/Win64/UE4Editor-SpeedTreeImporter.dll (API version 3709383).
LogModuleManager: Display: Found up-to-date module file ../../../Engine/Plugins/Experimental/AlembicImporter/Binaries/Win64/UE4Editor-AlembicImporter.dll (API version 3709383).
LogModuleManager: Display: Found up-to-date module file ../../../Engine/Plugins/Experimental/AlembicImporter/Binaries/Win64/UE4Editor-AlembicLibrary.dll (API version 3709383).
LogModuleManager: Display: Found up-to-date module file ../../../Engine/Plugins/Experimental/CharacterAI/Binaries/Win64/UE4Editor-CharacterAI.dll (API version 3709383).
LogModuleManager: Display: Found up-to-date module file ../../../Engine/Plugins/Experimental/HTML5Networking/Binaries/Win64/UE4Editor-HTML5Networking.dll (API version 3709383).
LogModuleManager: Display: Found up-to-date module file ../../../Engine/Plugins/Media/AndroidMedia/Binaries/Win64/UE4Editor-AndroidMediaEditor.dll (API version 3709383).
LogModuleManager: Display: Found up-to-date module file ../../../Engine/Plugins/Media/AndroidMedia/Binaries/Win64/UE4Editor-AndroidMediaFactory.dll (API version 3709383).
LogModuleManager: Display: Found up-to-date module file ../../../Engine/Plugins/Media/AvfMedia/Binaries/Win64/UE4Editor-AvfMediaEditor.dll (API version 3709383).
LogModuleManager: Display: Found up-to-date module file ../../../Engine/Plugins/Media/AvfMedia/Binaries/Win64/UE4Editor-AvfMediaFactory.dll (API version 3709383).
LogModuleManager: Display: Found up-to-date module file ../../../Engine/Plugins/Media/AvfMedia/Binaries/Win64/UE4Editor-AvfMediaFactory.dll (API version 3709383).
LogModuleManager: Display: Found up-to-date module file ../../../Engine/Plugins/Media/ImgMedia/Binaries/Win64/UE4Editor-ImgMedia.dll (API version 3709383).
LogModuleManager: Display: Found up-to-date module file ../../../Engine/Plugins/Media/ImgMedia/Binaries/Win64/UE4Editor-ImgMediaEditor.dll (API version 3709383).
LogModuleManager: Display: Found up-to-date module file ../../../Engine/Plugins/Media/ImgMedia/Binaries/Win64/UE4Editor-ImgMediaFactory.dll (API version 3709383).
LogModuleManager: Display: Found up-to-date module file ../../../Engine/Plugins/Media/ImgMedia/Binaries/Win64/UE4Editor-ImgMediaFactory.dll (API version 3709383).
LogModuleManager: Display: Found up-to-date module file ../../../Engine/Plugins/Media/ImgMedia/Binaries/Win64/UE4Editor-OpenExrWrapper.dll (API version 3709383).
LogModuleManager: Display: Found up-to-date module file ../../../Engine/Plugins/Media/MediaCompositing/Binaries/Win64/UE4Editor-MediaCompositing.dll (API version 3709383).
LogModuleManager: Display: Found up-to-date module file ../../../Engine/Plugins/Media/MediaCompositing/Binaries/Win64/UE4Editor-MediaCompositingEditor.dll (API version 3709383).
LogModuleManager: Display: Found up-to-date module file ../../../Engine/Plugins/Media/MediaPlayerEditor/Binaries/Win64/UE4Editor-MediaPlayerEditor.dll (API version 3709383).
LogModuleManager: Display: Found up-to-date module file ../../../Engine/Plugins/Media/WmfMedia/Binaries/Win64/UE4Editor-WmfMedia.dll (API version 3709383).
LogModuleManager: Display: Found up-to-date module file ../../../Engine/Plugins/Media/WmfMedia/Binaries/Win64/UE4Editor-WmfMediaEditor.dll (API version 3709383).
LogModuleManager: Display: Found up-to-date module file ../../../Engine/Plugins/Media/WmfMedia/Binaries/Win64/UE4Editor-WmfMediaFactory.dll (API version 3709383).
LogModuleManager: Display: Found up-to-date module file ../../../Engine/Plugins/Media/WmfMedia/Binaries/Win64/UE4Editor-WmfMediaFactory.dll (API version 3709383).
LogModuleManager: Display: Found up-to-date module file ../../../Engine/Plugins/Messaging/TcpMessaging/Binaries/Win64/UE4Editor-TcpMessaging.dll (API version 3709383).
LogModuleManager: Display: Found up-to-date module file ../../../Engine/Plugins/Messaging/UdpMessaging/Binaries/Win64/UE4Editor-UdpMessaging.dll (API version 3709383).
LogModuleManager: Display: Found up-to-date module file ../../../Engine/Plugins/MovieScene/ActorSequence/Binaries/Win64/UE4Editor-ActorSequence.dll (API version 3709383).
LogModuleManager: Display: Found up-to-date module file ../../../Engine/Plugins/MovieScene/LevelSequenceEditor/Binaries/Win64/UE4Editor-LevelSequenceEditor.dll (API version 3709383).
LogModuleManager: Display: Found up-to-date module file ../../../Engine/Plugins/MovieScene/MatineeToLevelSequence/Binaries/Win64/UE4Editor-MatineeToLevelSequence.dll (API version 3709383).
LogModuleManager: Display: Found up-to-date module file ../../../Engine/Plugins/Online/OnlineSubsystem/Binaries/Win64/UE4Editor-OnlineSubsystem.dll (API version 3709383).
LogModuleManager: Display: Found up-to-date module file ../../../Engine/Plugins/Online/OnlineSubsystemNull/Binaries/Win64/UE4Editor-OnlineSubsystemNull.dll (API version 3709383).
LogModuleManager: Display: Found up-to-date module file ../../../Engine/Plugins/Online/OnlineSubsystemUtils/Binaries/Win64/UE4Editor-OnlineSubsystemUtils.dll (API version 3709383).
LogModuleManager: Display: Found up-to-date module file ../../../Engine/Plugins/Online/OnlineSubsystemUtils/Binaries/Win64/UE4Editor-OnlineBlueprintSupport.dll (API version 3709383).
LogModuleManager: Display: Found up-to-date module file ../../../Engine/Plugins/Runtime/AndroidDeviceProfileSelector/Binaries/Win64/UE4Editor-AndroidDeviceProfileSelector.dll (API version 3709383).
LogModuleManager: Display: Found up-to-date module file ../../../Engine/Plugins/Runtime/AndroidPermission/Binaries/Win64/UE4Editor-AndroidPermission.dll (API version 3709383).
LogModuleManager: Display: Found up-to-date module file ../../../Engine/Plugins/Runtime/AppleARKit/Binaries/Win64/UE4Editor-AppleARKit.dll (API version 3709383).
LogModuleManager: Display: Found up-to-date module file ../../../Engine/Plugins/Runtime/ArchVisCharacter/Binaries/Win64/UE4Editor-ArchVisCharacter.dll (API version 3709383).
LogModuleManager: Display: Found up-to-date module file ../../../Engine/Plugins/Runtime/CableComponent/Binaries/Win64/UE4Editor-CableComponent.dll (API version 3709383).
LogModuleManager: Display: Found up-to-date module file ../../../Engine/Plugins/Runtime/CustomMeshComponent/Binaries/Win64/UE4Editor-CustomMeshComponent.dll (API version 3709383).
LogModuleManager: Display: Found up-to-date module file ../../../Engine/Plugins/Runtime/ExampleDeviceProfileSelector/Binaries/Win64/UE4Editor-ExampleDeviceProfileSelector.dll (API version 3709383).
LogModuleManager: Display: Found up-to-date module file ../../../Engine/Plugins/Runtime/ImmediatePhysics/Binaries/Win64/UE4Editor-ImmediatePhysics.dll (API version 3709383).
LogModuleManager: Display: Found up-to-date module file ../../../Engine/Plugins/Runtime/ImmediatePhysics/Binaries/Win64/UE4Editor-ImmediatePhysicsEditor.dll (API version 3709383).
LogModuleManager: Display: Found up-to-date module file ../../../Engine/Plugins/Runtime/LocationServicesBPLibrary/Binaries/Win64/UE4Editor-LocationServicesBPLibrary.dll (API version 3709383).
LogModuleManager: Display: Found up-to-date module file ../../../Engine/Plugins/Runtime/MobilePatchingUtils/Binaries/Win64/UE4Editor-MobilePatchingUtils.dll (API version 3709383).
LogModuleManager: Display: Found up-to-date module file ../../../Engine/Plugins/Runtime/Oculus/OculusVR/Binaries/Win64/UE4Editor-OculusHMD.dll (API version 3709383).
LogModuleManager: Display: Found up-to-date module file ../../../Engine/Plugins/Runtime/Oculus/OculusVR/Binaries/Win64/UE4Editor-OculusInput.dll (API version 3709383).
LogModuleManager: Display: Found up-to-date module file ../../../Engine/Plugins/Runtime/Oculus/OculusVR/Binaries/Win64/UE4Editor-OculusEditor.dll (API version 3709383).
LogModuleManager: Display: Found up-to-date module file ../../../Engine/Plugins/Runtime/PhysXVehicles/Binaries/Win64/UE4Editor-PhysXVehicles.dll (API version 3709383).
LogModuleManager: Display: Found up-to-date module file ../../../Engine/Plugins/Runtime/PhysXVehicles/Binaries/Win64/UE4Editor-PhysXVehiclesEditor.dll (API version 3709383).
LogModuleManager: Display: Found up-to-date module file ../../../Engine/Plugins/Runtime/ProceduralMeshComponent/Binaries/Win64/UE4Editor-ProceduralMeshComponent.dll (API version 3709383).
LogModuleManager: Display: Found up-to-date module file ../../../Engine/Plugins/Runtime/ProceduralMeshComponent/Binaries/Win64/UE4Editor-ProceduralMeshComponentEditor.dll (API version 3709383).
LogModuleManager: Display: Found up-to-date module file ../../../Engine/Plugins/Runtime/RuntimePhysXCooking/Binaries/Win64/UE4Editor-RuntimePhysXCooking.dll (API version 3709383).
LogModuleManager: Display: Found up-to-date module file ../../../Engine/Plugins/Runtime/Steam/SteamVR/Binaries/Win64/UE4Editor-SteamVR.dll (API version 3709383).
LogModuleManager: Display: Found up-to-date module file ../../../Engine/Plugins/Runtime/Steam/SteamVR/Binaries/Win64/UE4Editor-SteamVRController.dll (API version 3709383).
LogModuleManager: Display: Found up-to-date module file ../../../Engine/Plugins/Runtime/WindowsMoviePlayer/Binaries/Win64/UE4Editor-WindowsMoviePlayer.dll (API version 3709383).
LogInit: Using libcurl 7.47.1
LogInit:  - built for x86_64-pc-win32
LogInit:  - supports SSL with OpenSSL/1.0.2g
LogInit:  - supports HTTP deflate (compression) using libz 1.2.8
LogInit:  - other features:
LogInit:      CURL_VERSION_SSL
LogInit:      CURL_VERSION_LIBZ
LogInit:      CURL_VERSION_IPV6
LogInit:      CURL_VERSION_ASYNCHDNS
LogInit:      CURL_VERSION_LARGEFILE
LogInit:      CURL_VERSION_IDN
LogInit:  CurlRequestOptions (configurable via config and command line):
LogInit:  - bVerifyPeer = false  - Libcurl will NOT verify peer certificate
LogInit:  - bUseHttpProxy = false  - Libcurl will NOT use HTTP proxy
LogInit:  - bDontReuseConnections = false  - Libcurl will reuse connections
LogInit:  - CertBundlePath = nullptr  - Libcurl will use whatever was configured at build time.
LogInit: Build: ++UE4+Release-4.18-CL-3832480
LogInit: Engine Version: 4.18.3-3832480+++UE4+Release-4.18
LogInit: Compatible Engine Version: 4.18.0-3709383+++UE4+Release-4.18
LogInit: Net CL: 3709383
LogDevObjectVersion: Number of dev versions registered: 16
LogDevObjectVersion:   Dev-Blueprints (B0D832E4-1F89-4F0D-ACCF-7EB736FD4AA2): 10
LogDevObjectVersion:   Dev-Build (E1C64328-A22C-4D53-A36C-8E866417BD8C): 0
LogDevObjectVersion:   Dev-Core (375EC13C-06E4-48FB-B500-84F0262A717E): 2
LogDevObjectVersion:   Dev-Editor (E4B068ED-F494-42E9-A231-DA0B2E46BB41): 20
LogDevObjectVersion:   Dev-Framework (CFFC743F-43B0-4480-9391-14DF171D2073): 30
LogDevObjectVersion:   Dev-Mobile (B02B49B5-BB20-44E9-A304-32B752E40360): 0
LogDevObjectVersion:   Dev-Networking (A4E4105C-59A1-49B5-A7C5-40C4547EDFEE): 0
LogDevObjectVersion:   Dev-Online (39C831C9-5AE6-47DC-9A44-9C173E1C8E7C): 0
LogDevObjectVersion:   Dev-Physics (78F01B33-EBEA-4F98-B9B4-84EACCB95AA2): 0
LogDevObjectVersion:   Dev-Platform (6631380F-2D4D-43E0-8009-CF276956A95A): 0
LogDevObjectVersion:   Dev-Rendering (12F88B9F-8875-4AFC-A67C-D90C383ABD29): 20
LogDevObjectVersion:   Dev-Sequencer (7B5AE74C-D270-4C10-A958-57980B212A5A): 4
LogDevObjectVersion:   Dev-VR (D7296918-1DD6-4BDD-9DE2-64A83CC13884): 0
LogDevObjectVersion:   Dev-LoadTimes (C2A15278-BFE7-4AFE-6C17-90FF531DF755): 1
LogDevObjectVersion:   Private-Geometry (6EACA3D4-40EC-4CC1-B786-8BED09428FC5): 1
LogDevObjectVersion:   Dev-AnimPhys (29E575DD-E0A3-4627-9D10-D276232CDCEA): 12
LogInit: Compiled (64-bit): Jan 12 2018 02:04:55
LogInit: Compiled with Visual C++: 19.00.24215.01
LogInit: Build Configuration: Development
LogInit: Branch Name: ++UE4+Release-4.18
LogInit: Command line:  
LogInit: Base directory: C:/Program Files/Epic Games/UE_4.18/Engine/Binaries/Win64/
LogInit: Installed Engine Build: 1
LogInit: Presizing for max 8388607 objects, including 0 objects not considered by GC, pre-allocating 0 bytes for permanent pool.
LogInit: Object subsystem initialized
[2018.01.27-14.53.30:249][  0]LogInit: Selected Device Profile: [Windows]
[2018.01.27-14.53.30:250][  0]LogInit: Applying CVar settings loaded from the selected device profile: [Windows]
[2018.01.27-14.53.30:263][  0]LogInit: Computer: DESKTOP-6PO0U0M
[2018.01.27-14.53.30:263][  0]LogInit: User: Treym
[2018.01.27-14.53.30:263][  0]LogInit: CPU Page size=4096, Cores=4
[2018.01.27-14.53.30:263][  0]LogInit: High frequency timer resolution =2.742193 MHz
[2018.01.27-14.53.30:263][  0]LogMemory: Memory total: Physical=16.0GB (16GB approx)
[2018.01.27-14.53.30:263][  0]LogMemory: Platform Memory Stats for Windows
[2018.01.27-14.53.30:263][  0]LogMemory: Process Physical Memory: 273.00 MB used, 273.00 MB peak
[2018.01.27-14.53.30:263][  0]LogMemory: Process Virtual Memory: 272.06 MB used, 272.06 MB peak
[2018.01.27-14.53.30:263][  0]LogMemory: Physical Memory: 7135.71 MB used,  9202.91 MB free, 16338.62 MB total
[2018.01.27-14.53.30:263][  0]LogMemory: Virtual Memory: 684.54 MB used,  9202.91 MB free, 134217728.00 MB total
[2018.01.27-14.53.31:059][  0]LogInit: Using OS detected language (en-US).
[2018.01.27-14.53.31:059][  0]LogInit: Using OS detected locale (en-US).
[2018.01.27-14.53.31:062][  0]LogTextLocalizationManager: No specific localization for 'en-US' exists, so the 'en' localization will be used.
[2018.01.27-14.53.31:470][  0]LogInit: Setting process to per monitor DPI aware
[2018.01.27-14.53.31:749][  0]LogD3D11RHI: D3D11 adapters:
[2018.01.27-14.53.31:805][  0]LogD3D11RHI:    0. 'NVIDIA GeForce GTX 1080 with Max-Q Design' (Feature Level 11_0)
[2018.01.27-14.53.31:805][  0]LogD3D11RHI:       8105/0/8169 MB DedicatedVideo/DedicatedSystem/SharedSystem, Outputs:2, VendorId:0x10de
[2018.01.27-14.53.31:808][  0]LogD3D11RHI:    1. 'Microsoft Basic Render Driver' (Feature Level 11_0)
[2018.01.27-14.53.31:808][  0]LogD3D11RHI:       0/0/8169 MB DedicatedVideo/DedicatedSystem/SharedSystem, Outputs:0, VendorId:0x1414
[2018.01.27-14.53.31:808][  0]LogD3D11RHI: Chosen D3D11 Adapter: 0
[2018.01.27-14.53.31:816][  0]LogD3D11RHI: Creating new Direct3DDevice
[2018.01.27-14.53.31:816][  0]LogD3D11RHI:     GPU DeviceId: 0x1be0 (for the marketing name, search the web for "GPU Device Id")
[2018.01.27-14.53.31:816][  0]LogWindows: EnumDisplayDevices:
[2018.01.27-14.53.31:816][  0]LogWindows:    0. 'NVIDIA GeForce GTX 1080 with Max-Q Design' (P:1 D:1)
[2018.01.27-14.53.31:816][  0]LogWindows:    1. 'NVIDIA GeForce GTX 1080 with Max-Q Design' (P:0 D:1)
[2018.01.27-14.53.31:816][  0]LogWindows:    2. 'NVIDIA GeForce GTX 1080 with Max-Q Design' (P:0 D:0)
[2018.01.27-14.53.31:816][  0]LogWindows:    3. 'NVIDIA GeForce GTX 1080 with Max-Q Design' (P:0 D:0)
[2018.01.27-14.53.31:816][  0]LogWindows: DebugString: GetVideoDriverDetailsInvalid PrimaryIsNotTheChoosenAdapter GetVideoDriverDetailsInvalid PrimaryIsNotTheChoosenAdapter GetVideoDriverDetailsInvalid PrimaryIsNotTheChoosenAdapter GetVideoDriverDetailsInvalid PrimaryIsNotTheChoosenAdapter FoundDriverCount:0 
[2018.01.27-14.53.31:816][  0]LogD3D11RHI:     Adapter Name: NVIDIA GeForce GTX 1080 with Max-Q Design
[2018.01.27-14.53.31:816][  0]LogD3D11RHI:   Driver Version: Unknown (internal:Unknown, unified:Unknown)
[2018.01.27-14.53.31:816][  0]LogD3D11RHI:      Driver Date: Unknown
[2018.01.27-14.53.31:816][  0]LogRHI: Texture pool is 5673 MB (70% of 8105 MB)
[2018.01.27-14.53.31:840][  0]LogD3D11RHI: Async texture creation enabled
[2018.01.27-14.53.31:864][  0]LogD3D11RHI: GPU Timing Frequency: 1000.000000 (Debug: 2 1)
[2018.01.27-14.53.31:957][  0]LogShaderCompilers: Guid format shader working directory is -28 characters bigger than the processId version (../../../../../../Users/Treym/Desktop/GlobalGameJam/GlobalGameJam/ggj2018/Intermediate/Shaders/WorkingDirectory/12256/).
[2018.01.27-14.53.31:958][  0]LogShaderCompilers: Cleaned the shader compiler working directory 'C:/Users/Treym/AppData/Local/Temp/UnrealShaderWorkingDir/F006D6CB4BADDCC19BF5D68A8CDC3677/'.
[2018.01.27-14.53.31:958][  0]LogShaderCompilers: Display: Using Local Shader Compiler.
[2018.01.27-14.53.32:950][  0]LogTemp: Display: Loaded TP AllDesktopTargetPlatform
[2018.01.27-14.53.33:003][  0]LogTemp: Display: Loaded TP MacClientTargetPlatform
[2018.01.27-14.53.33:059][  0]LogTemp: Display: Loaded TP MacNoEditorTargetPlatform
[2018.01.27-14.53.33:115][  0]LogTemp: Display: Loaded TP MacServerTargetPlatform
[2018.01.27-14.53.33:170][  0]LogTemp: Display: Loaded TP MacTargetPlatform
[2018.01.27-14.53.33:222][  0]LogTemp: Display: Loaded TP WindowsClientTargetPlatform
[2018.01.27-14.53.33:276][  0]LogTemp: Display: Loaded TP WindowsNoEditorTargetPlatform
[2018.01.27-14.53.33:331][  0]LogTemp: Display: Loaded TP WindowsServerTargetPlatform
[2018.01.27-14.53.33:380][  0]LogTemp: Display: Loaded TP WindowsTargetPlatform
[2018.01.27-14.53.33:442][  0]LogTemp: Display: Loaded TP Android_ASTCTargetPlatform
[2018.01.27-14.53.33:512][  0]LogTemp: Display: Loaded TP Android_ATCTargetPlatform
[2018.01.27-14.53.33:575][  0]LogTemp: Display: Loaded TP Android_DXTTargetPlatform
[2018.01.27-14.53.33:637][  0]LogTemp: Display: Loaded TP Android_ETC1TargetPlatform
[2018.01.27-14.53.33:691][  0]LogTemp: Display: Loaded TP Android_ETC2TargetPlatform
[2018.01.27-14.53.33:803][  0]LogTemp: Display: Loaded TP Android_MultiTargetPlatform
[2018.01.27-14.53.33:803][  0]LogTemp: Display: Loaded TP Android_PVRTCTargetPlatform
[2018.01.27-14.53.33:856][  0]LogTemp: Display: Loaded TP AndroidTargetPlatform
[2018.01.27-14.53.33:900][  0]LogTemp: Display: Loaded TP HTML5TargetPlatform
[2018.01.27-14.53.33:999][  0]LogTemp: Display: Loaded TP IOSTargetPlatform
[2018.01.27-14.53.34:030][  0]LogTemp: Display: Loaded TP TVOSTargetPlatform
[2018.01.27-14.53.34:094][  0]LogTemp: Display: Loaded TP LinuxClientTargetPlatform
[2018.01.27-14.53.34:152][  0]LogTemp: Display: Loaded TP LinuxNoEditorTargetPlatform
[2018.01.27-14.53.34:213][  0]LogTemp: Display: Loaded TP LinuxServerTargetPlatform
[2018.01.27-14.53.34:263][  0]LogTemp: Display: Loaded TP LinuxTargetPlatform
[2018.01.27-14.53.34:263][  0]LogTargetPlatformManager: Display: Building Assets For Windows
[2018.01.27-14.53.34:756][  0]LogDerivedDataCache: Display: Max Cache Size: 512 MB
[2018.01.27-14.53.34:827][  0]LogDerivedDataCache: Loaded boot cache 0.07s 78MB C:/Users/Treym/AppData/Local/UnrealEngine/4.18/DerivedDataCache/Boot.ddc.
[2018.01.27-14.53.34:827][  0]LogDerivedDataCache: Display: Loaded Boot cache: C:/Users/Treym/AppData/Local/UnrealEngine/4.18/DerivedDataCache/Boot.ddc
[2018.01.27-14.53.34:828][  0]LogDerivedDataCache: FDerivedDataBackendGraph:  Pak pak cache file ../../../../../../Users/Treym/Desktop/GlobalGameJam/GlobalGameJam/ggj2018/DerivedDataCache/DDC.ddp not found, will not use a pak cache.
[2018.01.27-14.53.34:828][  0]LogDerivedDataCache: Unable to find inner node Pak for hierarchical cache Hierarchy.
[2018.01.27-14.53.34:828][  0]LogDerivedDataCache: FDerivedDataBackendGraph:  CompressedPak pak cache file ../../../../../../Users/Treym/Desktop/GlobalGameJam/GlobalGameJam/ggj2018/DerivedDataCache/Compressed.ddp not found, will not use a pak cache.
[2018.01.27-14.53.34:828][  0]LogDerivedDataCache: Unable to find inner node CompressedPak for hierarchical cache Hierarchy.
[2018.01.27-14.53.34:847][  0]LogDerivedDataCache: Display: Pak cache opened for reading ../../../Engine/DerivedDataCache/Compressed.ddp.
[2018.01.27-14.53.34:859][  0]LogDerivedDataCache: Using Local data cache path C:/Users/Treym/AppData/Local/UnrealEngine/Common/DerivedDataCache: Writable
[2018.01.27-14.53.34:870][  0]LogMaterial: Verifying Global Shaders for PCD3D_SM5
[2018.01.27-14.53.34:871][  0]LogSlate: Using Freetype 2.6.0
[2018.01.27-14.53.34:871][  0]LogSlate: SlateFontCache - WITH_FREETYPE: 1, WITH_HARFBUZZ: 1
[2018.01.27-14.53.34:871][  0]LogSlate: SlateFontCache - WITH_FREETYPE: 1, WITH_HARFBUZZ: 1
[2018.01.27-14.53.35:276][  0]LogInit: Selected Device Profile: [Windows]
[2018.01.27-14.53.35:573][  0]LogSimplygon: Simplygon DLL not present - disabling.
[2018.01.27-14.53.35:618][  0]LogMeshReduction: Using SimplygonSwarm for distributed automatic mesh merging
[2018.01.27-14.53.35:618][  0]LogMeshReduction: Using QuadricMeshReduction for automatic static mesh reduction
[2018.01.27-14.53.35:618][  0]LogMeshReduction: No automatic skeletal mesh reduction module available
[2018.01.27-14.53.35:618][  0]LogMeshReduction: No automatic mesh merging module available
[2018.01.27-14.53.35:618][  0]LogMeshMerging: No automatic mesh merging module available
[2018.01.27-14.53.35:740][  0]LogNetVersion: ggj2018 , NetCL: 3709383, EngineNetVer: 2, GameNetVer: 0 (Checksum: 4219683102)
[2018.01.27-14.53.35:935][  0]LogAssetRegistry: FAssetRegistry took 0.0271 seconds to start up
[2018.01.27-14.53.36:508][  0]LogPackageLocalizationCache: Processed 7 localized package path(s) for 2 prioritized culture(s) in 0.075828 seconds
[2018.01.27-14.53.36:515][  0]LogUObjectArray: 35870 objects as part of root set at end of initial load.
[2018.01.27-14.53.36:515][  0]LogUObjectAllocator: 7363696 out of 0 bytes used by permanent object pool.
[2018.01.27-14.53.36:515][  0]LogUObjectArray: CloseDisregardForGC: 0/0 objects in disregard for GC pool
[2018.01.27-14.53.36:564][  0]LogInit: WinSock: version 1.1 (2.2), MaxSocks=32767, MaxUdp=65467
[2018.01.27-14.53.39:414][  0]LogTcpMessaging: Initializing TcpMessaging bridge
[2018.01.27-14.53.39:455][  0]LogUdpMessaging: Initializing bridge on interface 0.0.0.0:0 to multicast group 230.0.0.1:6666.
[2018.01.27-14.53.40:217][  0]LogMaterial: Uniform references updated for custom material expression Custom.
[2018.01.27-14.53.40:681][  0]SourceControl: Source control is disabled
[2018.01.27-14.53.40:681][  0]SourceControl: Source control is disabled
[2018.01.27-14.53.40:735][  0]SourceControl: Source control is disabled
[2018.01.27-14.53.40:787][  0]SourceControl: Source control is disabled
[2018.01.27-14.53.41:667][  0]LogAndroidPermission: UAndroidPermissionCallbackProxy::GetInstance
[2018.01.27-14.53.41:956][  0]LogOcInput: OculusInput pre-init called
[2018.01.27-14.53.42:243][  0]LogEngine: Initializing Engine...
[2018.01.27-14.53.42:245][  0]LogHMD: Failed to initialize OpenVR with code 110
[2018.01.27-14.53.42:469][  0]LogStats: UGameplayTagsManager::ConstructGameplayTagTree: Construct from data asset -  0.000 s
[2018.01.27-14.53.42:469][  0]LogStats: UGameplayTagsManager::ConstructGameplayTagTree: GameplayTagTreeChangedEvent.Broadcast -  0.000 s
[2018.01.27-14.53.42:617][  0]LogAIModule: Creating AISystem for world Untitled
[2018.01.27-14.53.42:643][  0]LogInit: XAudio2 using 'SAMSUNG-8 (2- NVIDIA High Definition Audio)' : 2 channels at 48 kHz using 16 bits per sample (channel mask 0x3)
[2018.01.27-14.53.42:658][  0]LogInit: FAudioDevice initialized.
[2018.01.27-14.53.42:735][  0]LogDerivedDataCache: Saved boot cache 0.08s 78MB C:/Users/Treym/AppData/Local/UnrealEngine/4.18/DerivedDataCache/Boot.ddc.
[2018.01.27-14.53.42:753][  0]LogInit: Texture streaming: Enabled
[2018.01.27-14.53.42:892][  0]LogEngineSessionManager: EngineSessionManager initialized
[2018.01.27-14.53.43:043][  0]LogInit: Transaction tracking system initialized
[2018.01.27-14.53.43:378][  0]BlueprintLog: New page: Editor Load
[2018.01.27-14.53.44:293][  0]LocalizationService: Localization service is disabled
[2018.01.27-14.53.45:046][  0]LogConsoleResponse: Display: 
[2018.01.27-14.53.45:242][  0]LogCook: Display: Max memory allowance for cook 16384mb min free memory 0mb
[2018.01.27-14.53.45:242][  0]LogCook: Display: Mobile HDR setting 1
[2018.01.27-14.53.45:242][  0]LogGameplayTags: Display: UGameplayTagsManager::DoneAddingNativeTags. DelegateIsBound: 0
[2018.01.27-14.53.45:497][  0]LogFileCache: Scanning file cache for directory 'C:/Users/Treym/Desktop/GlobalGameJam/GlobalGameJam/ggj2018/Content/' took 0.01s
[2018.01.27-14.53.46:439][  0]SourceControl: Source control is disabled
[2018.01.27-14.53.46:439][  0]Cmd: MAP LOAD FILE="../../../Engine/Content/Maps/Templates/Template_Default.umap" TEMPLATE=1 SHOWPROGRESS=1 FEATURELEVEL=3
[2018.01.27-14.53.46:439][  0]LightingResults: New page: Lighting Build
[2018.01.27-14.53.46:481][  0]MapCheck: New page: Map Check
[2018.01.27-14.53.46:481][  0]LightingResults: New page: Lighting Build
[2018.01.27-14.53.46:709][  0]LogAIModule: Creating AISystem for world Untitled_1
[2018.01.27-14.53.46:716][  0]LogEditorServer: Finished looking for orphan Actors (0.000 secs)
[2018.01.27-14.53.46:727][  0]Cmd: MAP CHECKDEP NOCLEARLOG
[2018.01.27-14.53.46:773][  0]MapCheck: Map check complete: 0 Error(s), 0 Warning(s), took 45.845ms to complete.
[2018.01.27-14.53.46:773][  0]LogFileHelpers: Loading map 'Template_Default' took 0.334
[2018.01.27-14.53.46:950][  0]LogCollectionManager: Loaded 0 collections in 0.001883 seconds
[2018.01.27-14.53.47:041][  0]LogFileCache: Scanning file cache for directory 'C:/Users/Treym/Desktop/GlobalGameJam/GlobalGameJam/ggj2018/Saved/Collections/' took 0.01s
[2018.01.27-14.53.47:041][  0]LogFileCache: Scanning file cache for directory 'C:/Users/Treym/Desktop/GlobalGameJam/GlobalGameJam/ggj2018/Content/Developers/Treym/Collections/' took 0.01s
[2018.01.27-14.53.47:041][  0]LogFileCache: Scanning file cache for directory 'C:/Users/Treym/Desktop/GlobalGameJam/GlobalGameJam/ggj2018/Content/Collections/' took 0.01s
[2018.01.27-14.53.47:041][  0]LogCollectionManager: Rebuilt the GUID cache for 0 collections in 0.000000 seconds
[2018.01.27-14.53.47:050][  0]LogContentBrowser: Native class hierarchy populated in 0.0087 seconds. Added 2367 classes and 521 folders.
[2018.01.27-14.53.47:121][  0]LogContentBrowser: Native class hierarchy updated for 'WidgetCarousel' in 0.0005 seconds. Added 0 classes and 0 folders.
[2018.01.27-14.53.47:159][  0]LogContentBrowser: Native class hierarchy updated for 'AddContentDialog' in 0.0005 seconds. Added 0 classes and 0 folders.
[2018.01.27-14.53.47:204][  0]LogContentBrowser: Native class hierarchy updated for 'SceneOutliner' in 0.0005 seconds. Added 1 classes and 2 folders.
[2018.01.27-14.53.47:245][  0]LogSlate: Took 0.000177 seconds to synchronously load lazily loaded font '../../../Engine/Content/Slate/Fonts/Roboto-Regular.ttf' (155K)
[2018.01.27-14.53.47:247][  0]LogSlate: Took 0.000175 seconds to synchronously load lazily loaded font '../../../Engine/Content/Slate/Fonts/Roboto-Bold.ttf' (160K)
[2018.01.27-14.53.47:254][  0]LogSlate: Took 0.000315 seconds to synchronously load lazily loaded font '../../../Engine/Content/Editor/Slate/Fonts/FontAwesome.ttf' (139K)
[2018.01.27-14.53.47:358][  0]LogRenderer: Reallocating scene render targets to support 868x436 Format 10 NumSamples 1 (Frame:1).
[2018.01.27-14.53.47:705][  0]LogContentBrowser: Native class hierarchy updated for 'HierarchicalLODOutliner' in 0.0006 seconds. Added 1 classes and 2 folders.
[2018.01.27-14.53.47:705][  0]LogLoad: (Engine Initialization) Total time: 19.95 seconds
[2018.01.27-14.53.47:705][  0]LogLoad: (Engine Initialization) Total Blueprint compile time: 0.00 seconds
[2018.01.27-14.53.47:705][  0]LogExternalProfiler: Found external profiler: VSPerf
[2018.01.27-14.53.47:705][  0]LogExternalProfiler: Using external profiler: VSPerf
[2018.01.27-14.53.47:723][  0]LogWindowsTextInputMethodSystem: Display: IME system now deactivated.
[2018.01.27-14.53.47:743][  0]LogContentStreaming: Texture pool size now 1000 MB
[2018.01.27-14.53.47:777][  0]LogSlate: Took 0.000196 seconds to synchronously load lazily loaded font '../../../Engine/Content/Slate/Fonts/Roboto-Light.ttf' (159K)
[2018.01.27-14.53.47:790][  1]LogAssetRegistry: Asset discovery search completed in 11.8783 seconds
[2018.01.27-14.53.47:793][  1]LogCollectionManager: Rebuilt the object cache for 0 collections in 0.000000 seconds (found 0 objects)
[2018.01.27-14.53.47:793][  1]LogCollectionManager: Fixed up redirectors for 0 collections in 0.000096 seconds (updated 0 objects)
[2018.01.27-14.54.06:394][900]LogSlate: Took 0.000186 seconds to synchronously load lazily loaded font '../../../Engine/Content/Slate/Fonts/Roboto-Light.ttf' (159K)
[2018.01.27-14.54.42:663][610]LogContentBrowser: Native class hierarchy updated for 'BlueprintGraph' in 0.0009 seconds. Added 116 classes and 0 folders.
[2018.01.27-14.54.43:386][610]LogSlate: Took 0.000179 seconds to synchronously load lazily loaded font '../../../Engine/Content/Slate/Fonts/Roboto-Regular.ttf' (155K)
[2018.01.27-14.54.43:478][610]LogSlate: Took 0.000205 seconds to synchronously load lazily loaded font '../../../Engine/Content/Editor/Slate/Fonts/Roboto-BoldCondensed.ttf' (158K)
[2018.01.27-14.54.43:605][611]LogSlate: Took 0.000171 seconds to synchronously load lazily loaded font '../../../Engine/Content/Editor/Slate/Fonts/Roboto-Italic.ttf' (157K)
[2018.01.27-14.55.25:642][192]LogVSAccessor: Warning: Couldn't access Visual Studio
[2018.01.27-14.55.25:673][192]Candidate modules for hot reload:
[2018.01.27-14.55.25:673][192]  ggj2018
[2018.01.27-14.55.25:673][192]Launching UnrealBuildTool... [C:/Program Files/Epic Games/UE_4.18/Engine/Binaries/DotNET/UnrealBuildTool.exe ggj2018 -ModuleWithSuffix ggj2018 6666 Win64 Development -editorrecompile -canskiplink "C:/Users/Treym/Desktop/GlobalGameJam/GlobalGameJam/ggj2018/ggj2018.uproject" ]
[2018.01.27-14.55.25:685][192]Warning: Starting HotReload took  0.1s.
[2018.01.27-14.55.58:363][170]CompilerResultsLog: New page: Compilation - Jan 26, 2018, 10:55:58 PM
[2018.01.27-14.55.58:363][170]CompilerResultsLog: Using 'git status' to determine working set for adaptive non-unity build.
[2018.01.27-14.55.58:363][170]CompilerResultsLog: Creating makefile for hot reloading ggj2018 (game project files are newer)
[2018.01.27-14.55.58:363][170]CompilerResultsLog: Compiling game modules for hot reload
[2018.01.27-14.55.58:363][170]CompilerResultsLog: Parsing headers for ggj2018Editor
[2018.01.27-14.55.58:363][170]CompilerResultsLog:   Running UnrealHeaderTool "C:\Users\Treym\Desktop\GlobalGameJam\GlobalGameJam\ggj2018\ggj2018.uproject" "C:\Users\Treym\Desktop\GlobalGameJam\GlobalGameJam\ggj2018\Intermediate\Build\Win64\ggj2018Editor\Development\ggj2018Editor.uhtmanifest" -LogCmds="loginit warning, logexit warning, logdatabase error" -Unattended -WarningsAsErrors -installed
[2018.01.27-14.55.58:363][170]CompilerResultsLog: Reflection code generated for ggj2018Editor in 11.6877221 seconds
[2018.01.27-14.55.58:363][170]CompilerResultsLog: Performing 9 actions (4 in parallel)
[2018.01.27-14.55.58:363][170]CompilerResultsLog: Flashlight.cpp
[2018.01.27-14.55.58:363][170]CompilerResultsLog: Flashlight.gen.cpp
[2018.01.27-14.55.58:363][170]CompilerResultsLog: ggj2018GameModeBase.cpp
[2018.01.27-14.55.58:363][170]CompilerResultsLog: PlayerCharacter.cpp
[2018.01.27-14.55.58:363][170]CompilerResultsLog: ggj2018.init.gen.cpp
[2018.01.27-14.55.58:363][170]CompilerResultsLog: ggj2018GameModeBase.gen.cpp
[2018.01.27-14.55.58:363][170]CompilerResultsLog: PlayerCharacter.gen.cpp
[2018.01.27-14.55.58:363][170]CompilerResultsLog: [8/9] Link UE4Editor-ggj2018-6666.dll
[2018.01.27-14.55.58:363][170]CompilerResultsLog: [9/9] Link UE4Editor-ggj2018-6666.lib
[2018.01.27-14.55.58:363][170]CompilerResultsLog:    Creating library C:\Users\Treym\Desktop\GlobalGameJam\GlobalGameJam\ggj2018\Intermediate\Build\Win64\UE4Editor\Development\UE4Editor-ggj2018-6666.suppressed.lib and object C:\Users\Treym\Desktop\GlobalGameJam\GlobalGameJam\ggj2018\Intermediate\Build\Win64\UE4Editor\Development\UE4Editor-ggj2018-6666.suppressed.exp
[2018.01.27-14.55.58:363][170]CompilerResultsLog:    Creating library C:\Users\Treym\Desktop\GlobalGameJam\GlobalGameJam\ggj2018\Intermediate\Build\Win64\UE4Editor\Development\UE4Editor-ggj2018-6666.lib and object C:\Users\Treym\Desktop\GlobalGameJam\GlobalGameJam\ggj2018\Intermediate\Build\Win64\UE4Editor\Development\UE4Editor-ggj2018-6666.exp
[2018.01.27-14.55.58:363][170]CompilerResultsLog: Total build time: 32.31 seconds (Local executor: 14.67 seconds)
[2018.01.27-14.55.58:363][170]LogMainFrame: MainFrame: Module compiling took 32.721 seconds
[2018.01.27-14.55.58:461][170]LogContentBrowser: Native class hierarchy updated for 'ggj2018' in 0.0005 seconds. Added 4 classes and 2 folders.
[2018.01.27-14.55.58:464][170]Display: HotReload successful (5 functions remapped  0 scriptstructs remapped)
[2018.01.27-14.55.58:836][170]LogContentBrowser: Native class hierarchy populated in 0.0084 seconds. Added 2369 classes and 525 folders.
[2018.01.27-14.55.58:837][170]Display: HotReload took 33.2s.
[2018.01.27-14.56.04:424][350]LogVSAccessor: Warning: Visual Studio is open but could not be queried - it may be blocked by a modal operation
[2018.01.27-14.56.04:435][351]LogVSAccessor: Warning: Visual Studio is open but could not be queried - it may be blocked by a modal operation
[2018.01.27-14.57.54:207][489]LogWindows: Error: === Critical error: ===
[2018.01.27-14.57.54:207][489]LogWindows: Error: 
[2018.01.27-14.57.54:207][489]LogWindows: Error: Fatal error!
[2018.01.27-14.57.54:207][489]LogWindows: Error: 
[2018.01.27-14.57.54:207][489]LogWindows: Error: Unhandled Exception: EXCEPTION_ACCESS_VIOLATION reading address 0xffffffff
[2018.01.27-14.57.54:207][489]LogWindows: Error: 
[2018.01.27-14.57.54:207][489]LogWindows: Error: [Callstack] 0x00000000036B2B28 SS2OSD.dll!UnknownFunction []
[2018.01.27-14.57.54:207][489]LogWindows: Error: [Callstack] 0x00000000036B22D2 SS2OSD.dll!UnknownFunction []
[2018.01.27-14.57.54:207][489]LogWindows: Error: [Callstack] 0x0000000006EAE038 UE4Editor-ApplicationCore.dll!UnknownFunction []
[2018.01.27-14.57.54:207][489]LogWindows: Error: [Callstack] 0x00000000DF1159D5 UE4Editor-GraphEditor.dll!UnknownFunction []
[2018.01.27-14.57.54:207][489]LogWindows: Error: [Callstack] 0x00000000DF0A0FBB UE4Editor-GraphEditor.dll!UnknownFunction []
[2018.01.27-14.57.54:207][489]LogWindows: Error: [Callstack] 0x00000000DF11630A UE4Editor-GraphEditor.dll!UnknownFunction []
[2018.01.27-14.57.54:207][489]LogWindows: Error: [Callstack] 0x00000000DF0C1CD6 UE4Editor-GraphEditor.dll!UnknownFunction []
[2018.01.27-14.57.54:207][489]LogWindows: Error: [Callstack] 0x00000000E2E67B93 UE4Editor-Slate.dll!UnknownFunction []
[2018.01.27-14.57.54:207][489]LogWindows: Error: [Callstack] 0x00000000E2E36A0B UE4Editor-Slate.dll!UnknownFunction []
[2018.01.27-14.57.54:207][489]LogWindows: Error: [Callstack] 0x00000000E2ED1CCD UE4Editor-Slate.dll!UnknownFunction []
[2018.01.27-14.57.54:208][489]LogWindows: Error: [Callstack] 0x00000000E2EBBA28 UE4Editor-Slate.dll!UnknownFunction []
[2018.01.27-14.57.54:208][489]LogWindows: Error: [Callstack] 0x00000000E2EAD6B7 UE4Editor-Slate.dll!UnknownFunction []
[2018.01.27-14.57.54:208][489]LogWindows: Error: [Callstack] 0x0000000006EBE39E UE4Editor-ApplicationCore.dll!UnknownFunction []
[2018.01.27-14.57.54:208][489]LogWindows: Error: [Callstack] 0x0000000006EB1A48 UE4Editor-ApplicationCore.dll!UnknownFunction []
[2018.01.27-14.57.54:208][489]LogWindows: Error: [Callstack] 0x0000000006EC03EC UE4Editor-ApplicationCore.dll!UnknownFunction []
[2018.01.27-14.57.54:208][489]LogWindows: Error: [Callstack] 0x0000000006EAD5A9 UE4Editor-ApplicationCore.dll!UnknownFunction []
[2018.01.27-14.57.54:208][489]LogWindows: Error: [Callstack] 0x0000000026BEB85D USER32.dll!UnknownFunction []
[2018.01.27-14.57.54:208][489]LogWindows: Error: [Callstack] 0x0000000026BEB1EF USER32.dll!UnknownFunction []
[2018.01.27-14.57.54:208][489]LogWindows: Error: [Callstack] 0x0000000006EC1516 UE4Editor-ApplicationCore.dll!UnknownFunction []
[2018.01.27-14.57.54:208][489]LogWindows: Error: [Callstack] 0x00000000677F50C8 UE4Editor.exe!UnknownFunction []
[2018.01.27-14.57.54:208][489]LogWindows: Error: [Callstack] 0x0000000067805430 UE4Editor.exe!UnknownFunction []
[2018.01.27-14.57.54:208][489]LogWindows: Error: [Callstack] 0x00000000678054AA UE4Editor.exe!UnknownFunction []
[2018.01.27-14.57.54:208][489]LogWindows: Error: [Callstack] 0x0000000067812379 UE4Editor.exe!UnknownFunction []
[2018.01.27-14.57.54:208][489]LogWindows: Error: [Callstack] 0x0000000067813D57 UE4Editor.exe!UnknownFunction []
[2018.01.27-14.57.54:208][489]LogWindows: Error: [Callstack] 0x0000000026651FE4 KERNEL32.DLL!UnknownFunction []
[2018.01.27-14.57.54:208][489]LogWindows: Error: [Callstack] 0x000000002882EFB1 ntdll.dll!UnknownFunction []
[2018.01.27-14.57.54:208][489]LogWindows: Error: [Callstack] 0x000000002882EFB1 ntdll.dll!UnknownFunction []
[2018.01.27-14.57.54:208][489]LogWindows: Error: 
[2018.01.27-14.57.54:221][489]LogExit: Executing StaticShutdownAfterError
[2018.01.27-14.57.54:226][489]LogWindows: FPlatformMisc::RequestExit(1)
[2018.01.27-14.57.54:226][489]Log file closed, 01/27/18 06:57:54
